INFO:root:Main while loop tries: 0
INFO:root:Got requests 5 requests
INFO:root:Prepared data (prepare_data)
INFO:root:Key: 1666741314719
INFO:root:Got s3 bucket data (prepare_s3bucket_dataa)
INFO:root:Entered request into bucket (put_object)
INFO:root:Deleted requests (delete_object)
INFO:root:Finished: 1666741314719
INFO:root:Finished one loop
INFO:root:Prepared data (prepare_data)
INFO:root:Key: 1666741315764
INFO:root:Got s3 bucket data (prepare_s3bucket_dataa)
INFO:root:Entered request into bucket (put_object)
INFO:root:Deleted requests (delete_object)
INFO:root:Finished: 1666741315764
INFO:root:Finished one loop
INFO:root:Prepared data (prepare_data)
INFO:root:Key: 1666741315821
INFO:root:Got s3 bucket data (prepare_s3bucket_dataa)
INFO:root:Entered request into bucket (put_object)
INFO:root:Deleted requests (delete_object)
INFO:root:Finished: 1666741315821
INFO:root:Finished one loop
INFO:root:Prepared data (prepare_data)
INFO:root:Key: 1666741315861
INFO:root:Got s3 bucket data (prepare_s3bucket_dataa)
INFO:root:Entered request into bucket (put_object)
INFO:root:Deleted requests (delete_object)
INFO:root:Finished: 1666741315861
INFO:root:Finished one loop
INFO:root:Prepared data (prepare_data)
INFO:root:Key: 1666741315908
INFO:root:Got s3 bucket data (prepare_s3bucket_dataa)
INFO:root:Entered request into bucket (put_object)
INFO:root:Deleted requests (delete_object)
INFO:root:Finished: 1666741315908
INFO:root:Finished one loop
INFO:root:Main while loop tries: 0
INFO:root:Got requests 5 requests
INFO:root:Prepared data (prepare_data)
INFO:root:Key: 1666741315991
INFO:root:Got s3 bucket data (prepare_s3bucket_dataa)
INFO:root:Entered request into bucket (put_object)
INFO:root:Deleted requests (delete_object)
INFO:root:Finished: 1666741315991
INFO:root:Finished one loop
INFO:root:Prepared data (prepare_data)
INFO:root:Key: 1666741316084
INFO:root:Got s3 bucket data (prepare_s3bucket_dataa)
INFO:root:Entered request into bucket (put_object)
INFO:root:Deleted requests (delete_object)
INFO:root:Finished: 1666741316084
INFO:root:Finished one loop
INFO:root:Prepared data (prepare_data)
INFO:root:Key: 1666741316127
INFO:root:Got s3 bucket data (prepare_s3bucket_dataa)
INFO:root:Entered request into bucket (put_object)
INFO:root:Deleted requests (delete_object)
INFO:root:Finished: 1666741316127
INFO:root:Finished one loop
INFO:root:Prepared data (prepare_data)
INFO:root:Key: 1666741316176
INFO:root:Got s3 bucket data (prepare_s3bucket_dataa)
INFO:root:Entered request into bucket (put_object)
INFO:root:Deleted requests (delete_object)
INFO:root:Finished: 1666741316176
INFO:root:Finished one loop
INFO:root:Prepared data (prepare_data)
INFO:root:Key: 1666741316355
INFO:root:Got s3 bucket data (prepare_s3bucket_dataa)
INFO:root:Entered request into bucket (put_object)
INFO:root:Deleted requests (delete_object)
INFO:root:Finished: 1666741316355
INFO:root:Finished one loop
INFO:root:Main while loop tries: 0
INFO:root:Got requests 5 requests
INFO:root:Prepared data (prepare_data)
INFO:root:Key: 1666741316519
INFO:root:Got s3 bucket data (prepare_s3bucket_dataa)
INFO:root:Entered request into bucket (put_object)
INFO:root:Deleted requests (delete_object)
INFO:root:Finished: 1666741316519
INFO:root:Finished one loop
INFO:root:Prepared data (prepare_data)
INFO:root:Key: 1666741316676
INFO:root:Got s3 bucket data (prepare_s3bucket_dataa)
INFO:root:Entered request into bucket (put_object)
INFO:root:Deleted requests (delete_object)
INFO:root:Finished: 1666741316676
INFO:root:Finished one loop
INFO:root:Prepared data (prepare_data)
INFO:root:Key: 1666741316717
INFO:root:Got s3 bucket data (prepare_s3bucket_dataa)
INFO:root:Entered request into bucket (put_object)
INFO:root:Deleted requests (delete_object)
INFO:root:Finished: 1666741316717
INFO:root:Finished one loop
INFO:root:Prepared data (prepare_data)
INFO:root:Key: 1666741316797
INFO:root:Got s3 bucket data (prepare_s3bucket_dataa)
INFO:root:Entered request into bucket (put_object)
INFO:root:Deleted requests (delete_object)
INFO:root:Finished: 1666741316797
INFO:root:Finished one loop
INFO:root:Prepared data (prepare_data)
INFO:root:Key: 1666741316841
INFO:root:Got s3 bucket data (prepare_s3bucket_dataa)
INFO:root:Entered request into bucket (put_object)
INFO:root:Deleted requests (delete_object)
INFO:root:Finished: 1666741316841
INFO:root:Finished one loop
INFO:root:Main while loop tries: 0
INFO:root:Got requests 5 requests
INFO:root:Prepared data (prepare_data)
INFO:root:Key: 1666741317005
INFO:root:Got s3 bucket data (prepare_s3bucket_dataa)
INFO:root:Entered request into bucket (put_object)
INFO:root:Deleted requests (delete_object)
INFO:root:Finished: 1666741317005
INFO:root:Finished one loop
INFO:root:Prepared data (prepare_data)
INFO:root:Key: 1666741317050
INFO:root:Got s3 bucket data (prepare_s3bucket_dataa)
INFO:root:Entered request into bucket (put_object)
INFO:root:Deleted requests (delete_object)
INFO:root:Finished: 1666741317050
INFO:root:Finished one loop
INFO:root:Prepared data (prepare_data)
INFO:root:Key: 1666741317098
INFO:root:Got s3 bucket data (prepare_s3bucket_dataa)
INFO:root:Entered request into bucket (put_object)
INFO:root:Deleted requests (delete_object)
INFO:root:Finished: 1666741317098
INFO:root:Finished one loop
INFO:root:Prepared data (prepare_data)
INFO:root:Key: 1666741317237
INFO:root:Got s3 bucket data (prepare_s3bucket_dataa)
INFO:root:Entered request into bucket (put_object)
INFO:root:Deleted requests (delete_object)
INFO:root:Finished: 1666741317237
INFO:root:Finished one loop
INFO:root:Prepared data (prepare_data)
INFO:root:Key: 1666741317443
INFO:root:Got s3 bucket data (prepare_s3bucket_dataa)
INFO:root:Entered request into bucket (put_object)
INFO:root:Deleted requests (delete_object)
INFO:root:Finished: 1666741317443
INFO:root:Finished one loop
INFO:root:Main while loop tries: 0
INFO:root:Got requests 5 requests
INFO:root:Prepared data (prepare_data)
INFO:root:Key: 1666741317583
INFO:root:Got s3 bucket data (prepare_s3bucket_dataa)
INFO:root:Entered request into bucket (put_object)
INFO:root:Deleted requests (delete_object)
INFO:root:Finished: 1666741317583
INFO:root:Finished one loop
INFO:root:Prepared data (prepare_data)
INFO:root:Key: 1666741317729
INFO:root:Got s3 bucket data (prepare_s3bucket_dataa)
INFO:root:Entered request into bucket (put_object)
INFO:root:Deleted requests (delete_object)
INFO:root:Finished: 1666741317729
INFO:root:Finished one loop
INFO:root:Prepared data (prepare_data)
INFO:root:Key: 1666741317765
INFO:root:Got s3 bucket data (prepare_s3bucket_dataa)
INFO:root:Entered request into bucket (put_object)
INFO:root:Deleted requests (delete_object)
INFO:root:Finished: 1666741317765
INFO:root:Finished one loop
INFO:root:Prepared data (prepare_data)
INFO:root:Key: 1666741317905
INFO:root:Got s3 bucket data (prepare_s3bucket_dataa)
INFO:root:Entered request into bucket (put_object)
INFO:root:Deleted requests (delete_object)
INFO:root:Finished: 1666741317905
INFO:root:Finished one loop
INFO:root:Prepared data (prepare_data)
INFO:root:Key: 1666741317956
INFO:root:Got s3 bucket data (prepare_s3bucket_dataa)
INFO:root:Entered request into bucket (put_object)
INFO:root:Deleted requests (delete_object)
INFO:root:Finished: 1666741317956
INFO:root:Finished one loop
INFO:root:Main while loop tries: 0
INFO:root:Got requests 5 requests
INFO:root:Prepared data (prepare_data)
INFO:root:Key: 1666741318000
INFO:root:Got s3 bucket data (prepare_s3bucket_dataa)
INFO:root:Entered request into bucket (put_object)
INFO:root:Deleted requests (delete_object)
INFO:root:Finished: 1666741318000
INFO:root:Finished one loop
INFO:root:Prepared data (prepare_data)
INFO:root:Key: 1666741318041
INFO:root:Got s3 bucket data (prepare_s3bucket_dataa)
INFO:root:Entered request into bucket (put_object)
INFO:root:Deleted requests (delete_object)
INFO:root:Finished: 1666741318041
INFO:root:Finished one loop
INFO:root:Prepared data (prepare_data)
INFO:root:Key: 1666741318182
INFO:root:Got s3 bucket data (prepare_s3bucket_dataa)
INFO:root:Entered request into bucket (put_object)
INFO:root:Deleted requests (delete_object)
INFO:root:Finished: 1666741318182
INFO:root:Finished one loop
INFO:root:Prepared data (prepare_data)
INFO:root:Key: 1666741318233
INFO:root:Got s3 bucket data (prepare_s3bucket_dataa)
INFO:root:Entered request into bucket (put_object)
INFO:root:Deleted requests (delete_object)
INFO:root:Finished: 1666741318233
INFO:root:Finished one loop
INFO:root:Prepared data (prepare_data)
INFO:root:Key: 1666741318369
INFO:root:Got s3 bucket data (prepare_s3bucket_dataa)
INFO:root:Entered request into bucket (put_object)
INFO:root:Deleted requests (delete_object)
INFO:root:Finished: 1666741318369
INFO:root:Finished one loop
INFO:root:Main while loop tries: 0
INFO:root:Got requests 5 requests
INFO:root:Prepared data (prepare_data)
INFO:root:Key: 1666741318414
INFO:root:Got s3 bucket data (prepare_s3bucket_dataa)
INFO:root:Entered request into bucket (put_object)
INFO:root:Deleted requests (delete_object)
INFO:root:Finished: 1666741318414
INFO:root:Finished one loop
INFO:root:Prepared data (prepare_data)
INFO:root:Key: 1666741318457
INFO:root:Got s3 bucket data (prepare_s3bucket_dataa)
INFO:root:Entered request into bucket (put_object)
INFO:root:Deleted requests (delete_object)
INFO:root:Finished: 1666741318457
INFO:root:Finished one loop
INFO:root:Prepared data (prepare_data)
INFO:root:Key: 1666741318589
INFO:root:Got s3 bucket data (prepare_s3bucket_dataa)
INFO:root:Entered request into bucket (put_object)
INFO:root:Deleted requests (delete_object)
INFO:root:Finished: 1666741318589
INFO:root:Finished one loop
INFO:root:Prepared data (prepare_data)
INFO:root:Key: 1666741318730
INFO:root:Got s3 bucket data (prepare_s3bucket_dataa)
INFO:root:Entered request into bucket (put_object)
INFO:root:Deleted requests (delete_object)
INFO:root:Finished: 1666741318730
INFO:root:Finished one loop
INFO:root:Prepared data (prepare_data)
INFO:root:Key: 1666741318870
INFO:root:Got s3 bucket data (prepare_s3bucket_dataa)
INFO:root:Entered request into bucket (put_object)
INFO:root:Deleted requests (delete_object)
INFO:root:Finished: 1666741318870
INFO:root:Finished one loop
INFO:root:Main while loop tries: 0
INFO:root:Got requests 5 requests
INFO:root:Prepared data (prepare_data)
INFO:root:Key: 1666741318905
INFO:root:Got s3 bucket data (prepare_s3bucket_dataa)
INFO:root:Entered request into bucket (put_object)
INFO:root:Deleted requests (delete_object)
INFO:root:Finished: 1666741318905
INFO:root:Finished one loop
INFO:root:Prepared data (prepare_data)
INFO:root:Key: 1666741319042
INFO:root:Got s3 bucket data (prepare_s3bucket_dataa)
INFO:root:Entered request into bucket (put_object)
INFO:root:Deleted requests (delete_object)
INFO:root:Finished: 1666741319042
INFO:root:Finished one loop
INFO:root:Prepared data (prepare_data)
INFO:root:Key: 1666741319191
INFO:root:Got s3 bucket data (prepare_s3bucket_dataa)
INFO:root:Entered request into bucket (put_object)
INFO:root:Deleted requests (delete_object)
INFO:root:Finished: 1666741319191
INFO:root:Finished one loop
INFO:root:Prepared data (prepare_data)
INFO:root:Key: 1666741319224
INFO:root:Got s3 bucket data (prepare_s3bucket_dataa)
INFO:root:Entered request into bucket (put_object)
INFO:root:Deleted requests (delete_object)
INFO:root:Finished: 1666741319224
INFO:root:Finished one loop
INFO:root:Prepared data (prepare_data)
INFO:root:Key: 1666741319363
INFO:root:Got s3 bucket data (prepare_s3bucket_dataa)
INFO:root:Entered request into bucket (put_object)
INFO:root:Deleted requests (delete_object)
INFO:root:Finished: 1666741319363
INFO:root:Finished one loop
INFO:root:Main while loop tries: 0
INFO:root:Got requests 5 requests
INFO:root:Prepared data (prepare_data)
INFO:root:Key: 1666741319400
INFO:root:Got s3 bucket data (prepare_s3bucket_dataa)
INFO:root:Entered request into bucket (put_object)
INFO:root:Deleted requests (delete_object)
INFO:root:Finished: 1666741319400
INFO:root:Finished one loop
INFO:root:Prepared data (prepare_data)
INFO:root:Key: 1666741319535
INFO:root:Got s3 bucket data (prepare_s3bucket_dataa)
INFO:root:Entered request into bucket (put_object)
INFO:root:Deleted requests (delete_object)
INFO:root:Finished: 1666741319535
INFO:root:Finished one loop
INFO:root:Prepared data (prepare_data)
INFO:root:Key: 1666741319692
INFO:root:Got s3 bucket data (prepare_s3bucket_dataa)
INFO:root:Entered request into bucket (put_object)
INFO:root:Deleted requests (delete_object)
INFO:root:Finished: 1666741319692
INFO:root:Finished one loop
INFO:root:Prepared data (prepare_data)
INFO:root:Key: 1666741319733
INFO:root:Got s3 bucket data (prepare_s3bucket_dataa)
INFO:root:Entered request into bucket (put_object)
INFO:root:Deleted requests (delete_object)
INFO:root:Finished: 1666741319733
INFO:root:Finished one loop
INFO:root:Prepared data (prepare_data)
INFO:root:Key: 1666741319884
INFO:root:Got s3 bucket data (prepare_s3bucket_dataa)
INFO:root:Entered request into bucket (put_object)
INFO:root:Deleted requests (delete_object)
INFO:root:Finished: 1666741319884
INFO:root:Finished one loop
INFO:root:Main while loop tries: 0
INFO:root:Got requests 5 requests
INFO:root:Prepared data (prepare_data)
INFO:root:Key: 1666741319918
INFO:root:Got s3 bucket data (prepare_s3bucket_dataa)
INFO:root:Entered request into bucket (put_object)
INFO:root:Deleted requests (delete_object)
INFO:root:Finished: 1666741319918
INFO:root:Finished one loop
INFO:root:Prepared data (prepare_data)
INFO:root:Key: 1666741319958
INFO:root:Got s3 bucket data (prepare_s3bucket_dataa)
INFO:root:Entered request into bucket (put_object)
INFO:root:Deleted requests (delete_object)
INFO:root:Finished: 1666741319958
INFO:root:Finished one loop
INFO:root:Prepared data (prepare_data)
INFO:root:Key: 1666741320120
INFO:root:Got s3 bucket data (prepare_s3bucket_dataa)
INFO:root:Entered request into bucket (put_object)
INFO:root:Deleted requests (delete_object)
INFO:root:Finished: 1666741320120
INFO:root:Finished one loop
INFO:root:Prepared data (prepare_data)
INFO:root:Key: 1666741320163
INFO:root:Got s3 bucket data (prepare_s3bucket_dataa)
INFO:root:Entered request into bucket (put_object)
INFO:root:Deleted requests (delete_object)
INFO:root:Finished: 1666741320163
INFO:root:Finished one loop
INFO:root:Prepared data (prepare_data)
INFO:root:Key: 1666741320202
INFO:root:Got s3 bucket data (prepare_s3bucket_dataa)
INFO:root:Entered request into bucket (put_object)
INFO:root:Deleted requests (delete_object)
INFO:root:Finished: 1666741320202
INFO:root:Finished one loop
INFO:root:Main while loop tries: 0
INFO:root:Got requests 5 requests
INFO:root:Prepared data (prepare_data)
INFO:root:Key: 1666741320258
INFO:root:Got s3 bucket data (prepare_s3bucket_dataa)
INFO:root:Entered request into bucket (put_object)
INFO:root:Deleted requests (delete_object)
INFO:root:Finished: 1666741320258
INFO:root:Finished one loop
INFO:root:Prepared data (prepare_data)
INFO:root:Key: 1666741320319
INFO:root:Got s3 bucket data (prepare_s3bucket_dataa)
INFO:root:Entered request into bucket (put_object)
INFO:root:Deleted requests (delete_object)
INFO:root:Finished: 1666741320319
INFO:root:Finished one loop
INFO:root:Prepared data (prepare_data)
INFO:root:Key: 1666741320459
INFO:root:Got s3 bucket data (prepare_s3bucket_dataa)
INFO:root:Entered request into bucket (put_object)
INFO:root:Deleted requests (delete_object)
INFO:root:Finished: 1666741320459
INFO:root:Finished one loop
INFO:root:Prepared data (prepare_data)
INFO:root:Key: 1666741320491
INFO:root:Got s3 bucket data (prepare_s3bucket_dataa)
INFO:root:Entered request into bucket (put_object)
INFO:root:Deleted requests (delete_object)
INFO:root:Finished: 1666741320491
INFO:root:Finished one loop
INFO:root:Prepared data (prepare_data)
INFO:root:Key: 1666741320628
INFO:root:Got s3 bucket data (prepare_s3bucket_dataa)
INFO:root:Entered request into bucket (put_object)
INFO:root:Deleted requests (delete_object)
INFO:root:Finished: 1666741320628
INFO:root:Finished one loop
INFO:root:Main while loop tries: 0
INFO:root:Got requests 5 requests
INFO:root:Prepared data (prepare_data)
INFO:root:Key: 1666741320794
INFO:root:Got s3 bucket data (prepare_s3bucket_dataa)
INFO:root:Entered request into bucket (put_object)
INFO:root:Deleted requests (delete_object)
INFO:root:Finished: 1666741320794
INFO:root:Finished one loop
INFO:root:Prepared data (prepare_data)
INFO:root:Key: 1666741320831
INFO:root:Got s3 bucket data (prepare_s3bucket_dataa)
INFO:root:Entered request into bucket (put_object)
INFO:root:Deleted requests (delete_object)
INFO:root:Finished: 1666741320831
INFO:root:Finished one loop
INFO:root:Prepared data (prepare_data)
INFO:root:Key: 1666741320888
INFO:root:Got s3 bucket data (prepare_s3bucket_dataa)
INFO:root:Entered request into bucket (put_object)
INFO:root:Deleted requests (delete_object)
INFO:root:Finished: 1666741320888
INFO:root:Finished one loop
INFO:root:Prepared data (prepare_data)
INFO:root:Key: 1666741321024
INFO:root:Got s3 bucket data (prepare_s3bucket_dataa)
INFO:root:Entered request into bucket (put_object)
INFO:root:Deleted requests (delete_object)
INFO:root:Finished: 1666741321024
INFO:root:Finished one loop
INFO:root:Prepared data (prepare_data)
INFO:root:Key: 1666741321165
INFO:root:Got s3 bucket data (prepare_s3bucket_dataa)
INFO:root:Entered request into bucket (put_object)
INFO:root:Deleted requests (delete_object)
INFO:root:Finished: 1666741321165
INFO:root:Finished one loop
INFO:root:Main while loop tries: 0
INFO:root:Got requests 5 requests
INFO:root:Prepared data (prepare_data)
INFO:root:Key: 1666741321235
INFO:root:Got s3 bucket data (prepare_s3bucket_dataa)
INFO:root:Entered request into bucket (put_object)
INFO:root:Deleted requests (delete_object)
INFO:root:Finished: 1666741321235
INFO:root:Finished one loop
INFO:root:Prepared data (prepare_data)
INFO:root:Key: 1666741321272
INFO:root:Got s3 bucket data (prepare_s3bucket_dataa)
INFO:root:Entered request into bucket (put_object)
INFO:root:Deleted requests (delete_object)
INFO:root:Finished: 1666741321272
INFO:root:Finished one loop
INFO:root:Prepared data (prepare_data)
INFO:root:Key: 1666741321333
INFO:root:Got s3 bucket data (prepare_s3bucket_dataa)
INFO:root:Entered request into bucket (put_object)
INFO:root:Deleted requests (delete_object)
INFO:root:Finished: 1666741321333
INFO:root:Finished one loop
INFO:root:Prepared data (prepare_data)
INFO:root:Key: 1666741321399
INFO:root:Got s3 bucket data (prepare_s3bucket_dataa)
INFO:root:Entered request into bucket (put_object)
INFO:root:Deleted requests (delete_object)
INFO:root:Finished: 1666741321399
INFO:root:Finished one loop
INFO:root:Prepared data (prepare_data)
INFO:root:Key: 1666741321584
INFO:root:Got s3 bucket data (prepare_s3bucket_dataa)
INFO:root:Entered request into bucket (put_object)
INFO:root:Deleted requests (delete_object)
INFO:root:Finished: 1666741321584
INFO:root:Finished one loop
INFO:root:Main while loop tries: 0
INFO:root:Got requests 5 requests
INFO:root:Prepared data (prepare_data)
INFO:root:Key: 1666741321719
INFO:root:Got s3 bucket data (prepare_s3bucket_dataa)
INFO:root:Entered request into bucket (put_object)
INFO:root:Deleted requests (delete_object)
INFO:root:Finished: 1666741321719
INFO:root:Finished one loop
INFO:root:Prepared data (prepare_data)
INFO:root:Key: 1666741321762
INFO:root:Got s3 bucket data (prepare_s3bucket_dataa)
INFO:root:Entered request into bucket (put_object)
INFO:root:Deleted requests (delete_object)
INFO:root:Finished: 1666741321762
INFO:root:Finished one loop
INFO:root:Prepared data (prepare_data)
INFO:root:Key: 1666741321902
INFO:root:Got s3 bucket data (prepare_s3bucket_dataa)
INFO:root:Entered request into bucket (put_object)
INFO:root:Deleted requests (delete_object)
INFO:root:Finished: 1666741321902
INFO:root:Finished one loop
INFO:root:Prepared data (prepare_data)
INFO:root:Key: 1666741321974
INFO:root:Got s3 bucket data (prepare_s3bucket_dataa)
INFO:root:Entered request into bucket (put_object)
INFO:root:Deleted requests (delete_object)
INFO:root:Finished: 1666741321974
INFO:root:Finished one loop
INFO:root:Prepared data (prepare_data)
INFO:root:Key: 1666741322058
INFO:root:Got s3 bucket data (prepare_s3bucket_dataa)
INFO:root:Entered request into bucket (put_object)
INFO:root:Deleted requests (delete_object)
INFO:root:Finished: 1666741322058
INFO:root:Finished one loop
INFO:root:Main while loop tries: 0
INFO:root:Got requests 5 requests
INFO:root:Prepared data (prepare_data)
INFO:root:Key: 1666741322135
INFO:root:Got s3 bucket data (prepare_s3bucket_dataa)
INFO:root:Entered request into bucket (put_object)
INFO:root:Deleted requests (delete_object)
INFO:root:Finished: 1666741322135
INFO:root:Finished one loop
INFO:root:Prepared data (prepare_data)
INFO:root:Key: 1666741322323
INFO:root:Got s3 bucket data (prepare_s3bucket_dataa)
INFO:root:Entered request into bucket (put_object)
INFO:root:Deleted requests (delete_object)
INFO:root:Finished: 1666741322323
INFO:root:Finished one loop
INFO:root:Prepared data (prepare_data)
INFO:root:Key: 1666741322464
INFO:root:Got s3 bucket data (prepare_s3bucket_dataa)
INFO:root:Entered request into bucket (put_object)
INFO:root:Deleted requests (delete_object)
INFO:root:Finished: 1666741322464
INFO:root:Finished one loop
INFO:root:Prepared data (prepare_data)
INFO:root:Key: 1666741322659
INFO:root:Got s3 bucket data (prepare_s3bucket_dataa)
INFO:root:Entered request into bucket (put_object)
INFO:root:Deleted requests (delete_object)
INFO:root:Finished: 1666741322659
INFO:root:Finished one loop
INFO:root:Prepared data (prepare_data)
INFO:root:Key: 1666741322800
INFO:root:Got s3 bucket data (prepare_s3bucket_dataa)
INFO:root:Entered request into bucket (put_object)
INFO:root:Deleted requests (delete_object)
INFO:root:Finished: 1666741322800
INFO:root:Finished one loop
INFO:root:Main while loop tries: 0
INFO:root:Got requests 5 requests
INFO:root:Prepared data (prepare_data)
INFO:root:Key: 1666741322944
INFO:root:Got s3 bucket data (prepare_s3bucket_dataa)
INFO:root:Entered request into bucket (put_object)
INFO:root:Deleted requests (delete_object)
INFO:root:Finished: 1666741322944
INFO:root:Finished one loop
INFO:root:Prepared data (prepare_data)
INFO:root:Key: 1666741323081
INFO:root:Got s3 bucket data (prepare_s3bucket_dataa)
INFO:root:Entered request into bucket (put_object)
INFO:root:Deleted requests (delete_object)
INFO:root:Finished: 1666741323081
INFO:root:Finished one loop
INFO:root:Prepared data (prepare_data)
INFO:root:Key: 1666741323123
INFO:root:Got s3 bucket data (prepare_s3bucket_dataa)
INFO:root:Entered request into bucket (put_object)
INFO:root:Deleted requests (delete_object)
INFO:root:Finished: 1666741323123
INFO:root:Finished one loop
INFO:root:Prepared data (prepare_data)
INFO:root:Key: 1666741323163
INFO:root:Got s3 bucket data (prepare_s3bucket_dataa)
INFO:root:Entered request into bucket (put_object)
INFO:root:Deleted requests (delete_object)
INFO:root:Finished: 1666741323163
INFO:root:Finished one loop
INFO:root:Prepared data (prepare_data)
INFO:root:Key: 1666741323299
INFO:root:Got s3 bucket data (prepare_s3bucket_dataa)
INFO:root:Entered request into bucket (put_object)
INFO:root:Deleted requests (delete_object)
INFO:root:Finished: 1666741323299
INFO:root:Finished one loop
INFO:root:Main while loop tries: 0
INFO:root:Got requests 5 requests
INFO:root:Prepared data (prepare_data)
INFO:root:Key: 1666741323333
INFO:root:Got s3 bucket data (prepare_s3bucket_dataa)
INFO:root:Entered request into bucket (put_object)
INFO:root:Deleted requests (delete_object)
INFO:root:Finished: 1666741323333
INFO:root:Finished one loop
INFO:root:Prepared data (prepare_data)
INFO:root:Key: 1666741323471
INFO:root:Got s3 bucket data (prepare_s3bucket_dataa)
INFO:root:Entered request into bucket (put_object)
INFO:root:Deleted requests (delete_object)
INFO:root:Finished: 1666741323471
INFO:root:Finished one loop
INFO:root:Prepared data (prepare_data)
INFO:root:Key: 1666741323608
INFO:root:Got s3 bucket data (prepare_s3bucket_dataa)
INFO:root:Entered request into bucket (put_object)
INFO:root:Deleted requests (delete_object)
INFO:root:Finished: 1666741323608
INFO:root:Finished one loop
INFO:root:Prepared data (prepare_data)
INFO:root:Key: 1666741323749
INFO:root:Got s3 bucket data (prepare_s3bucket_dataa)
INFO:root:Entered request into bucket (put_object)
INFO:root:Deleted requests (delete_object)
INFO:root:Finished: 1666741323749
INFO:root:Finished one loop
INFO:root:Prepared data (prepare_data)
INFO:root:Key: 1666741323927
INFO:root:Got s3 bucket data (prepare_s3bucket_dataa)
INFO:root:Entered request into bucket (put_object)
INFO:root:Deleted requests (delete_object)
INFO:root:Finished: 1666741323927
INFO:root:Finished one loop
INFO:root:Main while loop tries: 0
INFO:root:Got requests 5 requests
INFO:root:Prepared data (prepare_data)
INFO:root:Key: 1666741323979
INFO:root:Got s3 bucket data (prepare_s3bucket_dataa)
INFO:root:Entered request into bucket (put_object)
INFO:root:Deleted requests (delete_object)
INFO:root:Finished: 1666741323979
INFO:root:Finished one loop
INFO:root:Prepared data (prepare_data)
INFO:root:Key: 1666741324063
INFO:root:Got s3 bucket data (prepare_s3bucket_dataa)
INFO:root:Entered request into bucket (put_object)
INFO:root:Deleted requests (delete_object)
INFO:root:Finished: 1666741324063
INFO:root:Finished one loop
INFO:root:Prepared data (prepare_data)
INFO:root:Key: 1666741324279
INFO:root:Got s3 bucket data (prepare_s3bucket_dataa)
INFO:root:Entered request into bucket (put_object)
INFO:root:Deleted requests (delete_object)
INFO:root:Finished: 1666741324279
INFO:root:Finished one loop
INFO:root:Prepared data (prepare_data)
INFO:root:Key: 1666741324455
INFO:root:Got s3 bucket data (prepare_s3bucket_dataa)
INFO:root:Entered request into bucket (put_object)
INFO:root:Deleted requests (delete_object)
INFO:root:Finished: 1666741324455
INFO:root:Finished one loop
INFO:root:Prepared data (prepare_data)
INFO:root:Key: 1666741324591
INFO:root:Got s3 bucket data (prepare_s3bucket_dataa)
INFO:root:Entered request into bucket (put_object)
INFO:root:Deleted requests (delete_object)
INFO:root:Finished: 1666741324591
INFO:root:Finished one loop
INFO:root:Main while loop tries: 0
INFO:root:Got requests 5 requests
INFO:root:Prepared data (prepare_data)
INFO:root:Key: 1666741324726
INFO:root:Got s3 bucket data (prepare_s3bucket_dataa)
INFO:root:Entered request into bucket (put_object)
INFO:root:Deleted requests (delete_object)
INFO:root:Finished: 1666741324726
INFO:root:Finished one loop
INFO:root:Prepared data (prepare_data)
INFO:root:Key: 1666741324767
INFO:root:Got s3 bucket data (prepare_s3bucket_dataa)
INFO:root:Entered request into bucket (put_object)
INFO:root:Deleted requests (delete_object)
INFO:root:Finished: 1666741324767
INFO:root:Finished one loop
INFO:root:Prepared data (prepare_data)
INFO:root:Key: 1666741324988
INFO:root:Got s3 bucket data (prepare_s3bucket_dataa)
INFO:root:Entered request into bucket (put_object)
INFO:root:Deleted requests (delete_object)
INFO:root:Finished: 1666741324988
INFO:root:Finished one loop
INFO:root:Prepared data (prepare_data)
INFO:root:Key: 1666741325025
INFO:root:Got s3 bucket data (prepare_s3bucket_dataa)
INFO:root:Entered request into bucket (put_object)
INFO:root:Deleted requests (delete_object)
INFO:root:Finished: 1666741325025
INFO:root:Finished one loop
INFO:root:Prepared data (prepare_data)
INFO:root:Key: 1666741325164
INFO:root:Got s3 bucket data (prepare_s3bucket_dataa)
INFO:root:Entered request into bucket (put_object)
INFO:root:Deleted requests (delete_object)
INFO:root:Finished: 1666741325164
INFO:root:Finished one loop
INFO:root:Main while loop tries: 0
INFO:root:Got requests 5 requests
INFO:root:Prepared data (prepare_data)
INFO:root:Key: 1666741325210
INFO:root:Got s3 bucket data (prepare_s3bucket_dataa)
INFO:root:Entered request into bucket (put_object)
INFO:root:Deleted requests (delete_object)
INFO:root:Finished: 1666741325210
INFO:root:Finished one loop
INFO:root:Prepared data (prepare_data)
INFO:root:Key: 1666741325353
INFO:root:Got s3 bucket data (prepare_s3bucket_dataa)
INFO:root:Entered request into bucket (put_object)
INFO:root:Deleted requests (delete_object)
INFO:root:Finished: 1666741325353
INFO:root:Finished one loop
INFO:root:Prepared data (prepare_data)
INFO:root:Key: 1666741325501
INFO:root:Got s3 bucket data (prepare_s3bucket_dataa)
INFO:root:Entered request into bucket (put_object)
INFO:root:Deleted requests (delete_object)
INFO:root:Finished: 1666741325501
INFO:root:Finished one loop
INFO:root:Prepared data (prepare_data)
INFO:root:Key: 1666741325634
INFO:root:Got s3 bucket data (prepare_s3bucket_dataa)
INFO:root:Entered request into bucket (put_object)
INFO:root:Deleted requests (delete_object)
INFO:root:Finished: 1666741325634
INFO:root:Finished one loop
INFO:root:Prepared data (prepare_data)
INFO:root:Key: 1666741325769
INFO:root:Got s3 bucket data (prepare_s3bucket_dataa)
INFO:root:Entered request into bucket (put_object)
INFO:root:Deleted requests (delete_object)
INFO:root:Finished: 1666741325769
INFO:root:Finished one loop
INFO:root:Main while loop tries: 0
INFO:root:Got requests 5 requests
INFO:root:Prepared data (prepare_data)
INFO:root:Key: 1666741325807
INFO:root:Got s3 bucket data (prepare_s3bucket_dataa)
INFO:root:Entered request into bucket (put_object)
INFO:root:Deleted requests (delete_object)
INFO:root:Finished: 1666741325807
INFO:root:Finished one loop
INFO:root:Prepared data (prepare_data)
INFO:root:Key: 1666741325897
INFO:root:Got s3 bucket data (prepare_s3bucket_dataa)
INFO:root:Entered request into bucket (put_object)
INFO:root:Deleted requests (delete_object)
INFO:root:Finished: 1666741325897
INFO:root:Finished one loop
INFO:root:Prepared data (prepare_data)
INFO:root:Key: 1666741325933
INFO:root:Got s3 bucket data (prepare_s3bucket_dataa)
INFO:root:Entered request into bucket (put_object)
INFO:root:Deleted requests (delete_object)
INFO:root:Finished: 1666741325933
INFO:root:Finished one loop
INFO:root:Prepared data (prepare_data)
INFO:root:Key: 1666741326014
INFO:root:Got s3 bucket data (prepare_s3bucket_dataa)
INFO:root:Entered request into bucket (put_object)
INFO:root:Deleted requests (delete_object)
INFO:root:Finished: 1666741326014
INFO:root:Finished one loop
INFO:root:Prepared data (prepare_data)
INFO:root:Key: 1666741326066
INFO:root:Got s3 bucket data (prepare_s3bucket_dataa)
INFO:root:Entered request into bucket (put_object)
INFO:root:Deleted requests (delete_object)
INFO:root:Finished: 1666741326066
INFO:root:Finished one loop
INFO:root:Main while loop tries: 0
INFO:root:Got requests 5 requests
INFO:root:Prepared data (prepare_data)
INFO:root:Key: 1666741326203
INFO:root:Got s3 bucket data (prepare_s3bucket_dataa)
INFO:root:Entered request into bucket (put_object)
INFO:root:Deleted requests (delete_object)
INFO:root:Finished: 1666741326203
INFO:root:Finished one loop
INFO:root:Prepared data (prepare_data)
INFO:root:Key: 1666741326239
INFO:root:Got s3 bucket data (prepare_s3bucket_dataa)
INFO:root:Entered request into bucket (put_object)
INFO:root:Deleted requests (delete_object)
INFO:root:Finished: 1666741326239
INFO:root:Finished one loop
INFO:root:Prepared data (prepare_data)
INFO:root:Key: 1666741326274
INFO:root:Got s3 bucket data (prepare_s3bucket_dataa)
INFO:root:Entered request into bucket (put_object)
INFO:root:Deleted requests (delete_object)
INFO:root:Finished: 1666741326274
INFO:root:Finished one loop
INFO:root:Prepared data (prepare_data)
INFO:root:Key: 1666741326303
INFO:root:Got s3 bucket data (prepare_s3bucket_dataa)
INFO:root:Entered request into bucket (put_object)
INFO:root:Deleted requests (delete_object)
INFO:root:Finished: 1666741326303
INFO:root:Finished one loop
INFO:root:Prepared data (prepare_data)
INFO:root:Key: 1666741326440
INFO:root:Got s3 bucket data (prepare_s3bucket_dataa)
INFO:root:Entered request into bucket (put_object)
INFO:root:Deleted requests (delete_object)
INFO:root:Finished: 1666741326440
INFO:root:Finished one loop
INFO:root:Main while loop tries: 0
INFO:root:Got requests 5 requests
INFO:root:Prepared data (prepare_data)
INFO:root:Key: 1666741326509
INFO:root:Got s3 bucket data (prepare_s3bucket_dataa)
INFO:root:Entered request into bucket (put_object)
INFO:root:Deleted requests (delete_object)
INFO:root:Finished: 1666741326509
INFO:root:Finished one loop
INFO:root:Prepared data (prepare_data)
INFO:root:Key: 1666741326542
INFO:root:Got s3 bucket data (prepare_s3bucket_dataa)
INFO:root:Entered request into bucket (put_object)
INFO:root:Deleted requests (delete_object)
INFO:root:Finished: 1666741326542
INFO:root:Finished one loop
INFO:root:Prepared data (prepare_data)
INFO:root:Key: 1666741326714
INFO:root:Got s3 bucket data (prepare_s3bucket_dataa)
INFO:root:Entered request into bucket (put_object)
INFO:root:Deleted requests (delete_object)
INFO:root:Finished: 1666741326714
INFO:root:Finished one loop
INFO:root:Prepared data (prepare_data)
INFO:root:Key: 1666741326855
INFO:root:Got s3 bucket data (prepare_s3bucket_dataa)
INFO:root:Entered request into bucket (put_object)
INFO:root:Deleted requests (delete_object)
INFO:root:Finished: 1666741326855
INFO:root:Finished one loop
INFO:root:Prepared data (prepare_data)
INFO:root:Key: 1666741326989
INFO:root:Got s3 bucket data (prepare_s3bucket_dataa)
INFO:root:Entered request into bucket (put_object)
INFO:root:Deleted requests (delete_object)
INFO:root:Finished: 1666741326989
INFO:root:Finished one loop
INFO:root:Main while loop tries: 0
INFO:root:Got requests 5 requests
INFO:root:Prepared data (prepare_data)
INFO:root:Key: 1666741327130
INFO:root:Got s3 bucket data (prepare_s3bucket_dataa)
INFO:root:Entered request into bucket (put_object)
INFO:root:Deleted requests (delete_object)
INFO:root:Finished: 1666741327130
INFO:root:Finished one loop
INFO:root:Prepared data (prepare_data)
INFO:root:Key: 1666741327270
INFO:root:Got s3 bucket data (prepare_s3bucket_dataa)
INFO:root:Entered request into bucket (put_object)
INFO:root:Deleted requests (delete_object)
INFO:root:Finished: 1666741327270
INFO:root:Finished one loop
INFO:root:Prepared data (prepare_data)
INFO:root:Key: 1666741327403
INFO:root:Got s3 bucket data (prepare_s3bucket_dataa)
INFO:root:Entered request into bucket (put_object)
INFO:root:Deleted requests (delete_object)
INFO:root:Finished: 1666741327403
INFO:root:Finished one loop
INFO:root:Prepared data (prepare_data)
INFO:root:Key: 1666741327437
INFO:root:Got s3 bucket data (prepare_s3bucket_dataa)
INFO:root:Entered request into bucket (put_object)
INFO:root:Deleted requests (delete_object)
INFO:root:Finished: 1666741327437
INFO:root:Finished one loop
INFO:root:Prepared data (prepare_data)
INFO:root:Key: 1666741327574
INFO:root:Got s3 bucket data (prepare_s3bucket_dataa)
INFO:root:Entered request into bucket (put_object)
INFO:root:Deleted requests (delete_object)
INFO:root:Finished: 1666741327574
INFO:root:Finished one loop
INFO:root:Main while loop tries: 0
INFO:root:Got requests 5 requests
INFO:root:Prepared data (prepare_data)
INFO:root:Key: 1666741327721
INFO:root:Got s3 bucket data (prepare_s3bucket_dataa)
INFO:root:Entered request into bucket (put_object)
INFO:root:Deleted requests (delete_object)
INFO:root:Finished: 1666741327721
INFO:root:Finished one loop
INFO:root:Prepared data (prepare_data)
INFO:root:Key: 1666741327805
INFO:root:Got s3 bucket data (prepare_s3bucket_dataa)
INFO:root:Entered request into bucket (put_object)
INFO:root:Deleted requests (delete_object)
INFO:root:Finished: 1666741327805
INFO:root:Finished one loop
INFO:root:Prepared data (prepare_data)
INFO:root:Key: 1666741327871
INFO:root:Got s3 bucket data (prepare_s3bucket_dataa)
INFO:root:Entered request into bucket (put_object)
INFO:root:Deleted requests (delete_object)
INFO:root:Finished: 1666741327871
INFO:root:Finished one loop
INFO:root:Prepared data (prepare_data)
INFO:root:Key: 1666741328007
INFO:root:Got s3 bucket data (prepare_s3bucket_dataa)
INFO:root:Entered request into bucket (put_object)
INFO:root:Deleted requests (delete_object)
INFO:root:Finished: 1666741328007
INFO:root:Finished one loop
INFO:root:Prepared data (prepare_data)
INFO:root:Key: 1666741328144
INFO:root:Got s3 bucket data (prepare_s3bucket_dataa)
INFO:root:Entered request into bucket (put_object)
INFO:root:Deleted requests (delete_object)
INFO:root:Finished: 1666741328144
INFO:root:Finished one loop
INFO:root:Main while loop tries: 0
INFO:root:Got requests 5 requests
INFO:root:Prepared data (prepare_data)
INFO:root:Key: 1666741328182
INFO:root:Got s3 bucket data (prepare_s3bucket_dataa)
INFO:root:Entered request into bucket (put_object)
INFO:root:Deleted requests (delete_object)
INFO:root:Finished: 1666741328182
INFO:root:Finished one loop
INFO:root:Prepared data (prepare_data)
INFO:root:Key: 1666741328321
INFO:root:Got s3 bucket data (prepare_s3bucket_dataa)
INFO:root:Entered request into bucket (put_object)
INFO:root:Deleted requests (delete_object)
INFO:root:Finished: 1666741328321
INFO:root:Finished one loop
INFO:root:Prepared data (prepare_data)
INFO:root:Key: 1666741328458
INFO:root:Got s3 bucket data (prepare_s3bucket_dataa)
INFO:root:Entered request into bucket (put_object)
INFO:root:Deleted requests (delete_object)
INFO:root:Finished: 1666741328458
INFO:root:Finished one loop
INFO:root:Prepared data (prepare_data)
INFO:root:Key: 1666741328508
INFO:root:Got s3 bucket data (prepare_s3bucket_dataa)
INFO:root:Entered request into bucket (put_object)
INFO:root:Deleted requests (delete_object)
INFO:root:Finished: 1666741328508
INFO:root:Finished one loop
INFO:root:Prepared data (prepare_data)
INFO:root:Key: 1666741328671
INFO:root:Got s3 bucket data (prepare_s3bucket_dataa)
INFO:root:Entered request into bucket (put_object)
INFO:root:Deleted requests (delete_object)
INFO:root:Finished: 1666741328671
INFO:root:Finished one loop
INFO:root:Main while loop tries: 0
INFO:root:Got requests 5 requests
INFO:root:Prepared data (prepare_data)
INFO:root:Key: 1666741328809
INFO:root:Got s3 bucket data (prepare_s3bucket_dataa)
INFO:root:Entered request into bucket (put_object)
INFO:root:Deleted requests (delete_object)
INFO:root:Finished: 1666741328809
INFO:root:Finished one loop
INFO:root:Prepared data (prepare_data)
INFO:root:Key: 1666741328843
INFO:root:Got s3 bucket data (prepare_s3bucket_dataa)
INFO:root:Entered request into bucket (put_object)
INFO:root:Deleted requests (delete_object)
INFO:root:Finished: 1666741328843
INFO:root:Finished one loop
INFO:root:Prepared data (prepare_data)
INFO:root:Key: 1666741328980
INFO:root:Got s3 bucket data (prepare_s3bucket_dataa)
INFO:root:Entered request into bucket (put_object)
INFO:root:Deleted requests (delete_object)
INFO:root:Finished: 1666741328980
INFO:root:Finished one loop
INFO:root:Prepared data (prepare_data)
INFO:root:Key: 1666741329144
INFO:root:Got s3 bucket data (prepare_s3bucket_dataa)
INFO:root:Entered request into bucket (put_object)
INFO:root:Deleted requests (delete_object)
INFO:root:Finished: 1666741329144
INFO:root:Finished one loop
INFO:root:Prepared data (prepare_data)
INFO:root:Key: 1666741329284
INFO:root:Got s3 bucket data (prepare_s3bucket_dataa)
INFO:root:Entered request into bucket (put_object)
INFO:root:Deleted requests (delete_object)
INFO:root:Finished: 1666741329284
INFO:root:Finished one loop
INFO:root:Main while loop tries: 0
INFO:root:Got requests 5 requests
INFO:root:Prepared data (prepare_data)
INFO:root:Key: 1666741329416
INFO:root:Got s3 bucket data (prepare_s3bucket_dataa)
INFO:root:Entered request into bucket (put_object)
INFO:root:Deleted requests (delete_object)
INFO:root:Finished: 1666741329416
INFO:root:Finished one loop
INFO:root:Prepared data (prepare_data)
INFO:root:Key: 1666741329549
INFO:root:Got s3 bucket data (prepare_s3bucket_dataa)
INFO:root:Entered request into bucket (put_object)
INFO:root:Deleted requests (delete_object)
INFO:root:Finished: 1666741329549
INFO:root:Finished one loop
INFO:root:Prepared data (prepare_data)
INFO:root:Key: 1666741329606
INFO:root:Got s3 bucket data (prepare_s3bucket_dataa)
INFO:root:Entered request into bucket (put_object)
INFO:root:Deleted requests (delete_object)
INFO:root:Finished: 1666741329606
INFO:root:Finished one loop
INFO:root:Prepared data (prepare_data)
INFO:root:Key: 1666741329656
INFO:root:Got s3 bucket data (prepare_s3bucket_dataa)
INFO:root:Entered request into bucket (put_object)
INFO:root:Deleted requests (delete_object)
INFO:root:Finished: 1666741329656
INFO:root:Finished one loop
INFO:root:Prepared data (prepare_data)
INFO:root:Key: 1666741329717
INFO:root:Got s3 bucket data (prepare_s3bucket_dataa)
INFO:root:Entered request into bucket (put_object)
INFO:root:Deleted requests (delete_object)
INFO:root:Finished: 1666741329717
INFO:root:Finished one loop
INFO:root:Main while loop tries: 0
INFO:root:Got requests 5 requests
INFO:root:Prepared data (prepare_data)
INFO:root:Key: 1666741329858
INFO:root:Got s3 bucket data (prepare_s3bucket_dataa)
INFO:root:Entered request into bucket (put_object)
INFO:root:Deleted requests (delete_object)
INFO:root:Finished: 1666741329858
INFO:root:Finished one loop
INFO:root:Prepared data (prepare_data)
INFO:root:Key: 1666741329991
INFO:root:Got s3 bucket data (prepare_s3bucket_dataa)
INFO:root:Entered request into bucket (put_object)
INFO:root:Deleted requests (delete_object)
INFO:root:Finished: 1666741329991
INFO:root:Finished one loop
INFO:root:Prepared data (prepare_data)
INFO:root:Key: 1666741330129
INFO:root:Got s3 bucket data (prepare_s3bucket_dataa)
INFO:root:Entered request into bucket (put_object)
INFO:root:Deleted requests (delete_object)
INFO:root:Finished: 1666741330129
INFO:root:Finished one loop
INFO:root:Prepared data (prepare_data)
INFO:root:Key: 1666741330204
INFO:root:Got s3 bucket data (prepare_s3bucket_dataa)
INFO:root:Entered request into bucket (put_object)
INFO:root:Deleted requests (delete_object)
INFO:root:Finished: 1666741330204
INFO:root:Finished one loop
INFO:root:Prepared data (prepare_data)
INFO:root:Key: 1666741330338
INFO:root:Got s3 bucket data (prepare_s3bucket_dataa)
INFO:root:Entered request into bucket (put_object)
INFO:root:Deleted requests (delete_object)
INFO:root:Finished: 1666741330338
INFO:root:Finished one loop
INFO:root:Main while loop tries: 0
INFO:root:Got requests 5 requests
INFO:root:Prepared data (prepare_data)
INFO:root:Key: 1666741330372
INFO:root:Got s3 bucket data (prepare_s3bucket_dataa)
INFO:root:Entered request into bucket (put_object)
INFO:root:Deleted requests (delete_object)
INFO:root:Finished: 1666741330372
INFO:root:Finished one loop
INFO:root:Prepared data (prepare_data)
INFO:root:Key: 1666741330511
INFO:root:Got s3 bucket data (prepare_s3bucket_dataa)
INFO:root:Entered request into bucket (put_object)
INFO:root:Deleted requests (delete_object)
INFO:root:Finished: 1666741330511
INFO:root:Finished one loop
INFO:root:Prepared data (prepare_data)
INFO:root:Key: 1666741330545
INFO:root:Got s3 bucket data (prepare_s3bucket_dataa)
INFO:root:Entered request into bucket (put_object)
INFO:root:Deleted requests (delete_object)
INFO:root:Finished: 1666741330545
INFO:root:Finished one loop
INFO:root:Prepared data (prepare_data)
INFO:root:Key: 1666741330584
INFO:root:Got s3 bucket data (prepare_s3bucket_dataa)
INFO:root:Entered request into bucket (put_object)
INFO:root:Deleted requests (delete_object)
INFO:root:Finished: 1666741330584
INFO:root:Finished one loop
INFO:root:Prepared data (prepare_data)
INFO:root:Key: 1666741330670
INFO:root:Got s3 bucket data (prepare_s3bucket_dataa)
INFO:root:Entered request into bucket (put_object)
INFO:root:Deleted requests (delete_object)
INFO:root:Finished: 1666741330670
INFO:root:Finished one loop
INFO:root:Main while loop tries: 0
INFO:root:Got requests 5 requests
INFO:root:Prepared data (prepare_data)
INFO:root:Key: 1666741330709
INFO:root:Got s3 bucket data (prepare_s3bucket_dataa)
INFO:root:Entered request into bucket (put_object)
INFO:root:Deleted requests (delete_object)
INFO:root:Finished: 1666741330709
INFO:root:Finished one loop
INFO:root:Prepared data (prepare_data)
INFO:root:Key: 1666741330844
INFO:root:Got s3 bucket data (prepare_s3bucket_dataa)
INFO:root:Entered request into bucket (put_object)
INFO:root:Deleted requests (delete_object)
INFO:root:Finished: 1666741330844
INFO:root:Finished one loop
INFO:root:Prepared data (prepare_data)
INFO:root:Key: 1666741330973
INFO:root:Got s3 bucket data (prepare_s3bucket_dataa)
INFO:root:Entered request into bucket (put_object)
INFO:root:Deleted requests (delete_object)
INFO:root:Finished: 1666741330973
INFO:root:Finished one loop
INFO:root:Prepared data (prepare_data)
INFO:root:Key: 1666741331009
INFO:root:Got s3 bucket data (prepare_s3bucket_dataa)
INFO:root:Entered request into bucket (put_object)
INFO:root:Deleted requests (delete_object)
INFO:root:Finished: 1666741331009
INFO:root:Finished one loop
INFO:root:Prepared data (prepare_data)
INFO:root:Key: 1666741331144
INFO:root:Got s3 bucket data (prepare_s3bucket_dataa)
INFO:root:Entered request into bucket (put_object)
INFO:root:Deleted requests (delete_object)
INFO:root:Finished: 1666741331144
INFO:root:Finished one loop
INFO:root:Main while loop tries: 0
INFO:root:Got requests 5 requests
INFO:root:Prepared data (prepare_data)
INFO:root:Key: 1666741331185
INFO:root:Got s3 bucket data (prepare_s3bucket_dataa)
INFO:root:Entered request into bucket (put_object)
INFO:root:Deleted requests (delete_object)
INFO:root:Finished: 1666741331185
INFO:root:Finished one loop
INFO:root:Prepared data (prepare_data)
INFO:root:Key: 1666741331214
INFO:root:Got s3 bucket data (prepare_s3bucket_dataa)
INFO:root:Entered request into bucket (put_object)
INFO:root:Deleted requests (delete_object)
INFO:root:Finished: 1666741331214
INFO:root:Finished one loop
INFO:root:Prepared data (prepare_data)
INFO:root:Key: 1666741331345
INFO:root:Got s3 bucket data (prepare_s3bucket_dataa)
INFO:root:Entered request into bucket (put_object)
INFO:root:Deleted requests (delete_object)
INFO:root:Finished: 1666741331345
INFO:root:Finished one loop
INFO:root:Prepared data (prepare_data)
INFO:root:Key: 1666741331487
INFO:root:Got s3 bucket data (prepare_s3bucket_dataa)
INFO:root:Entered request into bucket (put_object)
INFO:root:Deleted requests (delete_object)
INFO:root:Finished: 1666741331487
INFO:root:Finished one loop
INFO:root:Prepared data (prepare_data)
INFO:root:Key: 1666741331644
INFO:root:Got s3 bucket data (prepare_s3bucket_dataa)
INFO:root:Entered request into bucket (put_object)
INFO:root:Deleted requests (delete_object)
INFO:root:Finished: 1666741331644
INFO:root:Finished one loop
INFO:root:Main while loop tries: 0
INFO:root:Got requests 5 requests
INFO:root:Prepared data (prepare_data)
INFO:root:Key: 1666741331800
INFO:root:Got s3 bucket data (prepare_s3bucket_dataa)
INFO:root:Entered request into bucket (put_object)
INFO:root:Deleted requests (delete_object)
INFO:root:Finished: 1666741331800
INFO:root:Finished one loop
INFO:root:Prepared data (prepare_data)
INFO:root:Key: 1666741331833
INFO:root:Got s3 bucket data (prepare_s3bucket_dataa)
INFO:root:Entered request into bucket (put_object)
INFO:root:Deleted requests (delete_object)
INFO:root:Finished: 1666741331833
INFO:root:Finished one loop
INFO:root:Prepared data (prepare_data)
INFO:root:Key: 1666741331918
INFO:root:Got s3 bucket data (prepare_s3bucket_dataa)
INFO:root:Entered request into bucket (put_object)
INFO:root:Deleted requests (delete_object)
INFO:root:Finished: 1666741331918
INFO:root:Finished one loop
INFO:root:Prepared data (prepare_data)
INFO:root:Key: 1666741331987
INFO:root:Got s3 bucket data (prepare_s3bucket_dataa)
INFO:root:Entered request into bucket (put_object)
INFO:root:Deleted requests (delete_object)
INFO:root:Finished: 1666741331987
INFO:root:Finished one loop
INFO:root:Prepared data (prepare_data)
INFO:root:Key: 1666741332022
INFO:root:Got s3 bucket data (prepare_s3bucket_dataa)
INFO:root:Entered request into bucket (put_object)
INFO:root:Deleted requests (delete_object)
INFO:root:Finished: 1666741332022
INFO:root:Finished one loop
INFO:root:Main while loop tries: 0
INFO:root:Got requests 5 requests
INFO:root:Prepared data (prepare_data)
INFO:root:Key: 1666741332153
INFO:root:Got s3 bucket data (prepare_s3bucket_dataa)
INFO:root:Entered request into bucket (put_object)
INFO:root:Deleted requests (delete_object)
INFO:root:Finished: 1666741332153
INFO:root:Finished one loop
INFO:root:Prepared data (prepare_data)
INFO:root:Key: 1666741332184
INFO:root:Got s3 bucket data (prepare_s3bucket_dataa)
INFO:root:Entered request into bucket (put_object)
INFO:root:Deleted requests (delete_object)
INFO:root:Finished: 1666741332184
INFO:root:Finished one loop
INFO:root:Prepared data (prepare_data)
INFO:root:Key: 1666741332373
INFO:root:Got s3 bucket data (prepare_s3bucket_dataa)
INFO:root:Entered request into bucket (put_object)
INFO:root:Deleted requests (delete_object)
INFO:root:Finished: 1666741332373
INFO:root:Finished one loop
INFO:root:Prepared data (prepare_data)
INFO:root:Key: 1666741332406
INFO:root:Got s3 bucket data (prepare_s3bucket_dataa)
INFO:root:Entered request into bucket (put_object)
INFO:root:Deleted requests (delete_object)
INFO:root:Finished: 1666741332406
INFO:root:Finished one loop
INFO:root:Prepared data (prepare_data)
INFO:root:Key: 1666741332539
INFO:root:Got s3 bucket data (prepare_s3bucket_dataa)
INFO:root:Entered request into bucket (put_object)
INFO:root:Deleted requests (delete_object)
INFO:root:Finished: 1666741332539
INFO:root:Finished one loop
INFO:root:Main while loop tries: 0
INFO:root:Got requests 5 requests
INFO:root:Prepared data (prepare_data)
INFO:root:Key: 1666741332580
INFO:root:Got s3 bucket data (prepare_s3bucket_dataa)
INFO:root:Entered request into bucket (put_object)
INFO:root:Deleted requests (delete_object)
INFO:root:Finished: 1666741332580
INFO:root:Finished one loop
INFO:root:Prepared data (prepare_data)
INFO:root:Key: 1666741332617
INFO:root:Got s3 bucket data (prepare_s3bucket_dataa)
INFO:root:Entered request into bucket (put_object)
INFO:root:Deleted requests (delete_object)
INFO:root:Finished: 1666741332617
INFO:root:Finished one loop
INFO:root:Prepared data (prepare_data)
INFO:root:Key: 1666741332649
INFO:root:Got s3 bucket data (prepare_s3bucket_dataa)
INFO:root:Entered request into bucket (put_object)
INFO:root:Deleted requests (delete_object)
INFO:root:Finished: 1666741332649
INFO:root:Finished one loop
INFO:root:Prepared data (prepare_data)
INFO:root:Key: 1666741332684
INFO:root:Got s3 bucket data (prepare_s3bucket_dataa)
INFO:root:Entered request into bucket (put_object)
INFO:root:Deleted requests (delete_object)
INFO:root:Finished: 1666741332684
INFO:root:Finished one loop
INFO:root:Prepared data (prepare_data)
INFO:root:Key: 1666741332719
INFO:root:Got s3 bucket data (prepare_s3bucket_dataa)
INFO:root:Entered request into bucket (put_object)
INFO:root:Deleted requests (delete_object)
INFO:root:Finished: 1666741332719
INFO:root:Finished one loop
INFO:root:Main while loop tries: 0
INFO:root:Got requests 5 requests
INFO:root:Prepared data (prepare_data)
INFO:root:Key: 1666741332886
INFO:root:Got s3 bucket data (prepare_s3bucket_dataa)
INFO:root:Entered request into bucket (put_object)
INFO:root:Deleted requests (delete_object)
INFO:root:Finished: 1666741332886
INFO:root:Finished one loop
INFO:root:Prepared data (prepare_data)
INFO:root:Key: 1666741332933
INFO:root:Got s3 bucket data (prepare_s3bucket_dataa)
INFO:root:Entered request into bucket (put_object)
INFO:root:Deleted requests (delete_object)
INFO:root:Finished: 1666741332933
INFO:root:Finished one loop
INFO:root:Prepared data (prepare_data)
INFO:root:Key: 1666741333081
INFO:root:Got s3 bucket data (prepare_s3bucket_dataa)
INFO:root:Entered request into bucket (put_object)
INFO:root:Deleted requests (delete_object)
INFO:root:Finished: 1666741333081
INFO:root:Finished one loop
INFO:root:Prepared data (prepare_data)
INFO:root:Key: 1666741333217
INFO:root:Got s3 bucket data (prepare_s3bucket_dataa)
INFO:root:Entered request into bucket (put_object)
INFO:root:Deleted requests (delete_object)
INFO:root:Finished: 1666741333217
INFO:root:Finished one loop
INFO:root:Prepared data (prepare_data)
INFO:root:Key: 1666741333247
INFO:root:Got s3 bucket data (prepare_s3bucket_dataa)
INFO:root:Entered request into bucket (put_object)
INFO:root:Deleted requests (delete_object)
INFO:root:Finished: 1666741333247
INFO:root:Finished one loop
INFO:root:Main while loop tries: 0
INFO:root:Got requests 5 requests
INFO:root:Prepared data (prepare_data)
INFO:root:Key: 1666741333383
INFO:root:Got s3 bucket data (prepare_s3bucket_dataa)
INFO:root:Entered request into bucket (put_object)
INFO:root:Deleted requests (delete_object)
INFO:root:Finished: 1666741333383
INFO:root:Finished one loop
INFO:root:Prepared data (prepare_data)
INFO:root:Key: 1666741333415
INFO:root:Got s3 bucket data (prepare_s3bucket_dataa)
INFO:root:Entered request into bucket (put_object)
INFO:root:Deleted requests (delete_object)
INFO:root:Finished: 1666741333415
INFO:root:Finished one loop
INFO:root:Prepared data (prepare_data)
INFO:root:Key: 1666741333553
INFO:root:Got s3 bucket data (prepare_s3bucket_dataa)
INFO:root:Entered request into bucket (put_object)
INFO:root:Deleted requests (delete_object)
INFO:root:Finished: 1666741333553
INFO:root:Finished one loop
INFO:root:Prepared data (prepare_data)
INFO:root:Key: 1666741333594
INFO:root:Got s3 bucket data (prepare_s3bucket_dataa)
INFO:root:Entered request into bucket (put_object)
INFO:root:Deleted requests (delete_object)
INFO:root:Finished: 1666741333594
INFO:root:Finished one loop
INFO:root:Prepared data (prepare_data)
INFO:root:Key: 1666741333754
INFO:root:Got s3 bucket data (prepare_s3bucket_dataa)
INFO:root:Entered request into bucket (put_object)
INFO:root:Deleted requests (delete_object)
INFO:root:Finished: 1666741333754
INFO:root:Finished one loop
INFO:root:Main while loop tries: 0
INFO:root:Got requests 5 requests
INFO:root:Prepared data (prepare_data)
INFO:root:Key: 1666741333788
INFO:root:Got s3 bucket data (prepare_s3bucket_dataa)
INFO:root:Entered request into bucket (put_object)
INFO:root:Deleted requests (delete_object)
INFO:root:Finished: 1666741333788
INFO:root:Finished one loop
INFO:root:Prepared data (prepare_data)
INFO:root:Key: 1666741333931
INFO:root:Got s3 bucket data (prepare_s3bucket_dataa)
INFO:root:Entered request into bucket (put_object)
INFO:root:Deleted requests (delete_object)
INFO:root:Finished: 1666741333931
INFO:root:Finished one loop
INFO:root:Prepared data (prepare_data)
INFO:root:Key: 1666741334064
INFO:root:Got s3 bucket data (prepare_s3bucket_dataa)
INFO:root:Entered request into bucket (put_object)
INFO:root:Deleted requests (delete_object)
INFO:root:Finished: 1666741334064
INFO:root:Finished one loop
INFO:root:Prepared data (prepare_data)
INFO:root:Key: 1666741334209
INFO:root:Got s3 bucket data (prepare_s3bucket_dataa)
INFO:root:Entered request into bucket (put_object)
INFO:root:Deleted requests (delete_object)
INFO:root:Finished: 1666741334209
INFO:root:Finished one loop
INFO:root:Prepared data (prepare_data)
INFO:root:Key: 1666741334340
INFO:root:Got s3 bucket data (prepare_s3bucket_dataa)
INFO:root:Entered request into bucket (put_object)
INFO:root:Deleted requests (delete_object)
INFO:root:Finished: 1666741334340
INFO:root:Finished one loop
INFO:root:Main while loop tries: 0
INFO:root:Got requests 5 requests
INFO:root:Prepared data (prepare_data)
INFO:root:Key: 1666741334399
INFO:root:Got s3 bucket data (prepare_s3bucket_dataa)
INFO:root:Entered request into bucket (put_object)
INFO:root:Deleted requests (delete_object)
INFO:root:Finished: 1666741334399
INFO:root:Finished one loop
INFO:root:Prepared data (prepare_data)
INFO:root:Key: 1666741334457
INFO:root:Got s3 bucket data (prepare_s3bucket_dataa)
INFO:root:Entered request into bucket (put_object)
INFO:root:Deleted requests (delete_object)
INFO:root:Finished: 1666741334457
INFO:root:Finished one loop
INFO:root:Prepared data (prepare_data)
INFO:root:Key: 1666741334490
INFO:root:Got s3 bucket data (prepare_s3bucket_dataa)
INFO:root:Entered request into bucket (put_object)
INFO:root:Deleted requests (delete_object)
INFO:root:Finished: 1666741334490
INFO:root:Finished one loop
INFO:root:Prepared data (prepare_data)
INFO:root:Key: 1666741334533
INFO:root:Got s3 bucket data (prepare_s3bucket_dataa)
INFO:root:Entered request into bucket (put_object)
INFO:root:Deleted requests (delete_object)
INFO:root:Finished: 1666741334533
INFO:root:Finished one loop
INFO:root:Prepared data (prepare_data)
INFO:root:Key: 1666741334568
INFO:root:Got s3 bucket data (prepare_s3bucket_dataa)
INFO:root:Entered request into bucket (put_object)
INFO:root:Deleted requests (delete_object)
INFO:root:Finished: 1666741334568
INFO:root:Finished one loop
INFO:root:Main while loop tries: 0
INFO:root:Got requests 5 requests
INFO:root:Prepared data (prepare_data)
INFO:root:Key: 1666741334732
INFO:root:Got s3 bucket data (prepare_s3bucket_dataa)
INFO:root:Entered request into bucket (put_object)
INFO:root:Deleted requests (delete_object)
INFO:root:Finished: 1666741334732
INFO:root:Finished one loop
INFO:root:Prepared data (prepare_data)
INFO:root:Key: 1666741334772
INFO:root:Got s3 bucket data (prepare_s3bucket_dataa)
INFO:root:Entered request into bucket (put_object)
INFO:root:Deleted requests (delete_object)
INFO:root:Finished: 1666741334772
INFO:root:Finished one loop
INFO:root:Prepared data (prepare_data)
INFO:root:Key: 1666741334920
INFO:root:Got s3 bucket data (prepare_s3bucket_dataa)
INFO:root:Entered request into bucket (put_object)
INFO:root:Deleted requests (delete_object)
INFO:root:Finished: 1666741334920
INFO:root:Finished one loop
INFO:root:Prepared data (prepare_data)
INFO:root:Key: 1666741334955
INFO:root:Got s3 bucket data (prepare_s3bucket_dataa)
INFO:root:Entered request into bucket (put_object)
INFO:root:Deleted requests (delete_object)
INFO:root:Finished: 1666741334955
INFO:root:Finished one loop
INFO:root:Prepared data (prepare_data)
INFO:root:Key: 1666741334989
INFO:root:Got s3 bucket data (prepare_s3bucket_dataa)
INFO:root:Entered request into bucket (put_object)
INFO:root:Deleted requests (delete_object)
INFO:root:Finished: 1666741334989
INFO:root:Finished one loop
INFO:root:Main while loop tries: 0
INFO:root:Got requests 5 requests
INFO:root:Prepared data (prepare_data)
INFO:root:Key: 1666741335026
INFO:root:Got s3 bucket data (prepare_s3bucket_dataa)
INFO:root:Entered request into bucket (put_object)
INFO:root:Deleted requests (delete_object)
INFO:root:Finished: 1666741335026
INFO:root:Finished one loop
INFO:root:Prepared data (prepare_data)
INFO:root:Key: 1666741335110
INFO:root:Got s3 bucket data (prepare_s3bucket_dataa)
INFO:root:Entered request into bucket (put_object)
INFO:root:Deleted requests (delete_object)
INFO:root:Finished: 1666741335110
INFO:root:Finished one loop
INFO:root:Prepared data (prepare_data)
INFO:root:Key: 1666741335245
INFO:root:Got s3 bucket data (prepare_s3bucket_dataa)
INFO:root:Entered request into bucket (put_object)
INFO:root:Deleted requests (delete_object)
INFO:root:Finished: 1666741335245
INFO:root:Finished one loop
INFO:root:Prepared data (prepare_data)
INFO:root:Key: 1666741335383
INFO:root:Got s3 bucket data (prepare_s3bucket_dataa)
INFO:root:Entered request into bucket (put_object)
INFO:root:Deleted requests (delete_object)
INFO:root:Finished: 1666741335383
INFO:root:Finished one loop
INFO:root:Prepared data (prepare_data)
INFO:root:Key: 1666741335473
INFO:root:Got s3 bucket data (prepare_s3bucket_dataa)
INFO:root:Entered request into bucket (put_object)
INFO:root:Deleted requests (delete_object)
INFO:root:Finished: 1666741335473
INFO:root:Finished one loop
INFO:root:Main while loop tries: 0
INFO:root:Got requests 5 requests
INFO:root:Prepared data (prepare_data)
INFO:root:Key: 1666741335540
INFO:root:Got s3 bucket data (prepare_s3bucket_dataa)
INFO:root:Entered request into bucket (put_object)
INFO:root:Deleted requests (delete_object)
INFO:root:Finished: 1666741335540
INFO:root:Finished one loop
INFO:root:Prepared data (prepare_data)
INFO:root:Key: 1666741335591
INFO:root:Got s3 bucket data (prepare_s3bucket_dataa)
INFO:root:Entered request into bucket (put_object)
INFO:root:Deleted requests (delete_object)
INFO:root:Finished: 1666741335591
INFO:root:Finished one loop
INFO:root:Prepared data (prepare_data)
INFO:root:Key: 1666741335729
INFO:root:Got s3 bucket data (prepare_s3bucket_dataa)
INFO:root:Entered request into bucket (put_object)
INFO:root:Deleted requests (delete_object)
INFO:root:Finished: 1666741335729
INFO:root:Finished one loop
INFO:root:Prepared data (prepare_data)
INFO:root:Key: 1666741335915
INFO:root:Got s3 bucket data (prepare_s3bucket_dataa)
INFO:root:Entered request into bucket (put_object)
INFO:root:Deleted requests (delete_object)
INFO:root:Finished: 1666741335915
INFO:root:Finished one loop
INFO:root:Prepared data (prepare_data)
INFO:root:Key: 1666741336050
INFO:root:Got s3 bucket data (prepare_s3bucket_dataa)
INFO:root:Entered request into bucket (put_object)
INFO:root:Deleted requests (delete_object)
INFO:root:Finished: 1666741336050
INFO:root:Finished one loop
INFO:root:Main while loop tries: 0
INFO:root:Got requests 5 requests
INFO:root:Prepared data (prepare_data)
INFO:root:Key: 1666741336186
INFO:root:Got s3 bucket data (prepare_s3bucket_dataa)
INFO:root:Entered request into bucket (put_object)
INFO:root:Deleted requests (delete_object)
INFO:root:Finished: 1666741336186
INFO:root:Finished one loop
INFO:root:Prepared data (prepare_data)
INFO:root:Key: 1666741336224
INFO:root:Got s3 bucket data (prepare_s3bucket_dataa)
INFO:root:Entered request into bucket (put_object)
INFO:root:Deleted requests (delete_object)
INFO:root:Finished: 1666741336224
INFO:root:Finished one loop
INFO:root:Prepared data (prepare_data)
INFO:root:Key: 1666741336256
INFO:root:Got s3 bucket data (prepare_s3bucket_dataa)
INFO:root:Entered request into bucket (put_object)
INFO:root:Deleted requests (delete_object)
INFO:root:Finished: 1666741336256
INFO:root:Finished one loop
INFO:root:Prepared data (prepare_data)
INFO:root:Key: 1666741336308
INFO:root:Got s3 bucket data (prepare_s3bucket_dataa)
INFO:root:Entered request into bucket (put_object)
INFO:root:Deleted requests (delete_object)
INFO:root:Finished: 1666741336308
INFO:root:Finished one loop
INFO:root:Prepared data (prepare_data)
INFO:root:Key: 1666741336344
INFO:root:Got s3 bucket data (prepare_s3bucket_dataa)
INFO:root:Entered request into bucket (put_object)
INFO:root:Deleted requests (delete_object)
INFO:root:Finished: 1666741336344
INFO:root:Finished one loop
INFO:root:Main while loop tries: 0
INFO:root:Got requests 5 requests
INFO:root:Prepared data (prepare_data)
INFO:root:Key: 1666741336407
INFO:root:Got s3 bucket data (prepare_s3bucket_dataa)
INFO:root:Entered request into bucket (put_object)
INFO:root:Deleted requests (delete_object)
INFO:root:Finished: 1666741336407
INFO:root:Finished one loop
INFO:root:Prepared data (prepare_data)
INFO:root:Key: 1666741336542
INFO:root:Got s3 bucket data (prepare_s3bucket_dataa)
INFO:root:Entered request into bucket (put_object)
INFO:root:Deleted requests (delete_object)
INFO:root:Finished: 1666741336542
INFO:root:Finished one loop
INFO:root:Prepared data (prepare_data)
INFO:root:Key: 1666741336585
INFO:root:Got s3 bucket data (prepare_s3bucket_dataa)
INFO:root:Entered request into bucket (put_object)
INFO:root:Deleted requests (delete_object)
INFO:root:Finished: 1666741336585
INFO:root:Finished one loop
INFO:root:Prepared data (prepare_data)
INFO:root:Key: 1666741336684
INFO:root:Got s3 bucket data (prepare_s3bucket_dataa)
INFO:root:Entered request into bucket (put_object)
INFO:root:Deleted requests (delete_object)
INFO:root:Finished: 1666741336684
INFO:root:Finished one loop
INFO:root:Prepared data (prepare_data)
INFO:root:Key: 1666741336845
INFO:root:Got s3 bucket data (prepare_s3bucket_dataa)
INFO:root:Entered request into bucket (put_object)
INFO:root:Deleted requests (delete_object)
INFO:root:Finished: 1666741336845
INFO:root:Finished one loop
INFO:root:Main while loop tries: 0
INFO:root:Got requests 5 requests
INFO:root:Prepared data (prepare_data)
INFO:root:Key: 1666741336890
INFO:root:Got s3 bucket data (prepare_s3bucket_dataa)
INFO:root:Entered request into bucket (put_object)
INFO:root:Deleted requests (delete_object)
INFO:root:Finished: 1666741336890
INFO:root:Finished one loop
INFO:root:Prepared data (prepare_data)
INFO:root:Key: 1666741336919
INFO:root:Got s3 bucket data (prepare_s3bucket_dataa)
INFO:root:Entered request into bucket (put_object)
INFO:root:Deleted requests (delete_object)
INFO:root:Finished: 1666741336919
INFO:root:Finished one loop
INFO:root:Prepared data (prepare_data)
INFO:root:Key: 1666741337070
INFO:root:Got s3 bucket data (prepare_s3bucket_dataa)
INFO:root:Entered request into bucket (put_object)
INFO:root:Deleted requests (delete_object)
INFO:root:Finished: 1666741337070
INFO:root:Finished one loop
INFO:root:Prepared data (prepare_data)
INFO:root:Key: 1666741337123
INFO:root:Got s3 bucket data (prepare_s3bucket_dataa)
INFO:root:Entered request into bucket (put_object)
INFO:root:Deleted requests (delete_object)
INFO:root:Finished: 1666741337123
INFO:root:Finished one loop
INFO:root:Prepared data (prepare_data)
INFO:root:Key: 1666741337281
INFO:root:Got s3 bucket data (prepare_s3bucket_dataa)
INFO:root:Entered request into bucket (put_object)
INFO:root:Deleted requests (delete_object)
INFO:root:Finished: 1666741337281
INFO:root:Finished one loop
INFO:root:Main while loop tries: 0
INFO:root:Got requests 5 requests
INFO:root:Prepared data (prepare_data)
INFO:root:Key: 1666741337421
INFO:root:Got s3 bucket data (prepare_s3bucket_dataa)
INFO:root:Entered request into bucket (put_object)
INFO:root:Deleted requests (delete_object)
INFO:root:Finished: 1666741337421
INFO:root:Finished one loop
INFO:root:Prepared data (prepare_data)
INFO:root:Key: 1666741337558
INFO:root:Got s3 bucket data (prepare_s3bucket_dataa)
INFO:root:Entered request into bucket (put_object)
INFO:root:Deleted requests (delete_object)
INFO:root:Finished: 1666741337558
INFO:root:Finished one loop
INFO:root:Prepared data (prepare_data)
INFO:root:Key: 1666741337594
INFO:root:Got s3 bucket data (prepare_s3bucket_dataa)
INFO:root:Entered request into bucket (put_object)
INFO:root:Deleted requests (delete_object)
INFO:root:Finished: 1666741337594
INFO:root:Finished one loop
INFO:root:Prepared data (prepare_data)
INFO:root:Key: 1666741337754
INFO:root:Got s3 bucket data (prepare_s3bucket_dataa)
INFO:root:Entered request into bucket (put_object)
INFO:root:Deleted requests (delete_object)
INFO:root:Finished: 1666741337754
INFO:root:Finished one loop
INFO:root:Prepared data (prepare_data)
INFO:root:Key: 1666741337903
INFO:root:Got s3 bucket data (prepare_s3bucket_dataa)
INFO:root:Entered request into bucket (put_object)
INFO:root:Deleted requests (delete_object)
INFO:root:Finished: 1666741337903
INFO:root:Finished one loop
INFO:root:Main while loop tries: 0
INFO:root:Got requests 5 requests
INFO:root:Prepared data (prepare_data)
INFO:root:Key: 1666741337937
INFO:root:Got s3 bucket data (prepare_s3bucket_dataa)
INFO:root:Entered request into bucket (put_object)
INFO:root:Deleted requests (delete_object)
INFO:root:Finished: 1666741337937
INFO:root:Finished one loop
INFO:root:Prepared data (prepare_data)
INFO:root:Key: 1666741337983
INFO:root:Got s3 bucket data (prepare_s3bucket_dataa)
INFO:root:Entered request into bucket (put_object)
INFO:root:Deleted requests (delete_object)
INFO:root:Finished: 1666741337983
INFO:root:Finished one loop
INFO:root:Prepared data (prepare_data)
INFO:root:Key: 1666741338029
INFO:root:Got s3 bucket data (prepare_s3bucket_dataa)
INFO:root:Entered request into bucket (put_object)
INFO:root:Deleted requests (delete_object)
INFO:root:Finished: 1666741338029
INFO:root:Finished one loop
INFO:root:Prepared data (prepare_data)
INFO:root:Key: 1666741338171
INFO:root:Got s3 bucket data (prepare_s3bucket_dataa)
INFO:root:Entered request into bucket (put_object)
INFO:root:Deleted requests (delete_object)
INFO:root:Finished: 1666741338171
INFO:root:Finished one loop
INFO:root:Prepared data (prepare_data)
INFO:root:Key: 1666741338326
INFO:root:Got s3 bucket data (prepare_s3bucket_dataa)
INFO:root:Entered request into bucket (put_object)
INFO:root:Deleted requests (delete_object)
INFO:root:Finished: 1666741338326
INFO:root:Finished one loop
INFO:root:Main while loop tries: 0
INFO:root:Got requests 5 requests
INFO:root:Prepared data (prepare_data)
INFO:root:Key: 1666741338407
INFO:root:Got s3 bucket data (prepare_s3bucket_dataa)
INFO:root:Entered request into bucket (put_object)
INFO:root:Deleted requests (delete_object)
INFO:root:Finished: 1666741338407
INFO:root:Finished one loop
INFO:root:Prepared data (prepare_data)
INFO:root:Key: 1666741338540
INFO:root:Got s3 bucket data (prepare_s3bucket_dataa)
INFO:root:Entered request into bucket (put_object)
INFO:root:Deleted requests (delete_object)
INFO:root:Finished: 1666741338540
INFO:root:Finished one loop
INFO:root:Prepared data (prepare_data)
INFO:root:Key: 1666741338679
INFO:root:Got s3 bucket data (prepare_s3bucket_dataa)
INFO:root:Entered request into bucket (put_object)
INFO:root:Deleted requests (delete_object)
INFO:root:Finished: 1666741338679
INFO:root:Finished one loop
INFO:root:Prepared data (prepare_data)
INFO:root:Key: 1666741338744
INFO:root:Got s3 bucket data (prepare_s3bucket_dataa)
INFO:root:Entered request into bucket (put_object)
INFO:root:Deleted requests (delete_object)
INFO:root:Finished: 1666741338744
INFO:root:Finished one loop
INFO:root:Prepared data (prepare_data)
INFO:root:Key: 1666741338950
INFO:root:Got s3 bucket data (prepare_s3bucket_dataa)
INFO:root:Entered request into bucket (put_object)
INFO:root:Deleted requests (delete_object)
INFO:root:Finished: 1666741338950
INFO:root:Finished one loop
INFO:root:Main while loop tries: 0
INFO:root:Got requests 5 requests
INFO:root:Prepared data (prepare_data)
INFO:root:Key: 1666741339002
INFO:root:Got s3 bucket data (prepare_s3bucket_dataa)
INFO:root:Entered request into bucket (put_object)
INFO:root:Deleted requests (delete_object)
INFO:root:Finished: 1666741339002
INFO:root:Finished one loop
INFO:root:Prepared data (prepare_data)
INFO:root:Key: 1666741339152
INFO:root:Got s3 bucket data (prepare_s3bucket_dataa)
INFO:root:Entered request into bucket (put_object)
INFO:root:Deleted requests (delete_object)
INFO:root:Finished: 1666741339152
INFO:root:Finished one loop
INFO:root:Prepared data (prepare_data)
INFO:root:Key: 1666741339325
INFO:root:Got s3 bucket data (prepare_s3bucket_dataa)
INFO:root:Entered request into bucket (put_object)
INFO:root:Deleted requests (delete_object)
INFO:root:Finished: 1666741339325
INFO:root:Finished one loop
INFO:root:Prepared data (prepare_data)
INFO:root:Key: 1666741339375
INFO:root:Got s3 bucket data (prepare_s3bucket_dataa)
INFO:root:Entered request into bucket (put_object)
INFO:root:Deleted requests (delete_object)
INFO:root:Finished: 1666741339375
INFO:root:Finished one loop
INFO:root:Prepared data (prepare_data)
INFO:root:Key: 1666741339410
INFO:root:Got s3 bucket data (prepare_s3bucket_dataa)
INFO:root:Entered request into bucket (put_object)
INFO:root:Deleted requests (delete_object)
INFO:root:Finished: 1666741339410
INFO:root:Finished one loop
INFO:root:Main while loop tries: 0
INFO:root:Got requests 5 requests
INFO:root:Prepared data (prepare_data)
INFO:root:Key: 1666741339452
INFO:root:Got s3 bucket data (prepare_s3bucket_dataa)
INFO:root:Entered request into bucket (put_object)
INFO:root:Deleted requests (delete_object)
INFO:root:Finished: 1666741339452
INFO:root:Finished one loop
INFO:root:Prepared data (prepare_data)
INFO:root:Key: 1666741339591
INFO:root:Got s3 bucket data (prepare_s3bucket_dataa)
INFO:root:Entered request into bucket (put_object)
INFO:root:Deleted requests (delete_object)
INFO:root:Finished: 1666741339591
INFO:root:Finished one loop
INFO:root:Prepared data (prepare_data)
INFO:root:Key: 1666741339643
INFO:root:Got s3 bucket data (prepare_s3bucket_dataa)
INFO:root:Entered request into bucket (put_object)
INFO:root:Deleted requests (delete_object)
INFO:root:Finished: 1666741339643
INFO:root:Finished one loop
INFO:root:Prepared data (prepare_data)
INFO:root:Key: 1666741339676
INFO:root:Got s3 bucket data (prepare_s3bucket_dataa)
INFO:root:Entered request into bucket (put_object)
INFO:root:Deleted requests (delete_object)
INFO:root:Finished: 1666741339676
INFO:root:Finished one loop
INFO:root:Prepared data (prepare_data)
INFO:root:Key: 1666741339726
INFO:root:Got s3 bucket data (prepare_s3bucket_dataa)
INFO:root:Entered request into bucket (put_object)
INFO:root:Deleted requests (delete_object)
INFO:root:Finished: 1666741339726
INFO:root:Finished one loop
INFO:root:Main while loop tries: 0
INFO:root:Got requests 5 requests
INFO:root:Prepared data (prepare_data)
INFO:root:Key: 1666741339807
INFO:root:Got s3 bucket data (prepare_s3bucket_dataa)
INFO:root:Entered request into bucket (put_object)
INFO:root:Deleted requests (delete_object)
INFO:root:Finished: 1666741339807
INFO:root:Finished one loop
INFO:root:Prepared data (prepare_data)
INFO:root:Key: 1666741339937
INFO:root:Got s3 bucket data (prepare_s3bucket_dataa)
INFO:root:Entered request into bucket (put_object)
INFO:root:Deleted requests (delete_object)
INFO:root:Finished: 1666741339937
INFO:root:Finished one loop
INFO:root:Prepared data (prepare_data)
INFO:root:Key: 1666741340069
INFO:root:Got s3 bucket data (prepare_s3bucket_dataa)
INFO:root:Entered request into bucket (put_object)
INFO:root:Deleted requests (delete_object)
INFO:root:Finished: 1666741340069
INFO:root:Finished one loop
INFO:root:Prepared data (prepare_data)
INFO:root:Key: 1666741340284
INFO:root:Got s3 bucket data (prepare_s3bucket_dataa)
INFO:root:Entered request into bucket (put_object)
INFO:root:Deleted requests (delete_object)
INFO:root:Finished: 1666741340284
INFO:root:Finished one loop
INFO:root:Prepared data (prepare_data)
INFO:root:Key: 1666741340425
INFO:root:Got s3 bucket data (prepare_s3bucket_dataa)
INFO:root:Entered request into bucket (put_object)
INFO:root:Deleted requests (delete_object)
INFO:root:Finished: 1666741340425
INFO:root:Finished one loop
INFO:root:Main while loop tries: 0
INFO:root:Got requests 5 requests
INFO:root:Prepared data (prepare_data)
INFO:root:Key: 1666741340562
INFO:root:Got s3 bucket data (prepare_s3bucket_dataa)
INFO:root:Entered request into bucket (put_object)
INFO:root:Deleted requests (delete_object)
INFO:root:Finished: 1666741340562
INFO:root:Finished one loop
INFO:root:Prepared data (prepare_data)
INFO:root:Key: 1666741340603
INFO:root:Got s3 bucket data (prepare_s3bucket_dataa)
INFO:root:Entered request into bucket (put_object)
INFO:root:Deleted requests (delete_object)
INFO:root:Finished: 1666741340603
INFO:root:Finished one loop
INFO:root:Prepared data (prepare_data)
INFO:root:Key: 1666741340642
INFO:root:Got s3 bucket data (prepare_s3bucket_dataa)
INFO:root:Entered request into bucket (put_object)
INFO:root:Deleted requests (delete_object)
INFO:root:Finished: 1666741340642
INFO:root:Finished one loop
INFO:root:Prepared data (prepare_data)
INFO:root:Key: 1666741340782
INFO:root:Got s3 bucket data (prepare_s3bucket_dataa)
INFO:root:Entered request into bucket (put_object)
INFO:root:Deleted requests (delete_object)
INFO:root:Finished: 1666741340782
INFO:root:Finished one loop
INFO:root:Prepared data (prepare_data)
INFO:root:Key: 1666741340837
INFO:root:Got s3 bucket data (prepare_s3bucket_dataa)
INFO:root:Entered request into bucket (put_object)
INFO:root:Deleted requests (delete_object)
INFO:root:Finished: 1666741340837
INFO:root:Finished one loop
INFO:root:Main while loop tries: 0
INFO:root:Got requests 5 requests
INFO:root:Prepared data (prepare_data)
INFO:root:Key: 1666741340967
INFO:root:Got s3 bucket data (prepare_s3bucket_dataa)
INFO:root:Entered request into bucket (put_object)
INFO:root:Deleted requests (delete_object)
INFO:root:Finished: 1666741340967
INFO:root:Finished one loop
INFO:root:Prepared data (prepare_data)
INFO:root:Key: 1666741341100
INFO:root:Got s3 bucket data (prepare_s3bucket_dataa)
INFO:root:Entered request into bucket (put_object)
INFO:root:Deleted requests (delete_object)
INFO:root:Finished: 1666741341100
INFO:root:Finished one loop
INFO:root:Prepared data (prepare_data)
INFO:root:Key: 1666741341137
INFO:root:Got s3 bucket data (prepare_s3bucket_dataa)
INFO:root:Entered request into bucket (put_object)
INFO:root:Deleted requests (delete_object)
INFO:root:Finished: 1666741341137
INFO:root:Finished one loop
INFO:root:Prepared data (prepare_data)
INFO:root:Key: 1666741341175
INFO:root:Got s3 bucket data (prepare_s3bucket_dataa)
INFO:root:Entered request into bucket (put_object)
INFO:root:Deleted requests (delete_object)
INFO:root:Finished: 1666741341175
INFO:root:Finished one loop
INFO:root:Prepared data (prepare_data)
INFO:root:Key: 1666741341210
INFO:root:Got s3 bucket data (prepare_s3bucket_dataa)
INFO:root:Entered request into bucket (put_object)
INFO:root:Deleted requests (delete_object)
INFO:root:Finished: 1666741341210
INFO:root:Finished one loop
INFO:root:Main while loop tries: 0
INFO:root:Got requests 5 requests
INFO:root:Prepared data (prepare_data)
INFO:root:Key: 1666741341282
INFO:root:Got s3 bucket data (prepare_s3bucket_dataa)
INFO:root:Entered request into bucket (put_object)
INFO:root:Deleted requests (delete_object)
INFO:root:Finished: 1666741341282
INFO:root:Finished one loop
INFO:root:Prepared data (prepare_data)
INFO:root:Key: 1666741341423
INFO:root:Got s3 bucket data (prepare_s3bucket_dataa)
INFO:root:Entered request into bucket (put_object)
INFO:root:Deleted requests (delete_object)
INFO:root:Finished: 1666741341423
INFO:root:Finished one loop
INFO:root:Prepared data (prepare_data)
INFO:root:Key: 1666741341577
INFO:root:Got s3 bucket data (prepare_s3bucket_dataa)
INFO:root:Entered request into bucket (put_object)
INFO:root:Deleted requests (delete_object)
INFO:root:Finished: 1666741341577
INFO:root:Finished one loop
INFO:root:Prepared data (prepare_data)
INFO:root:Key: 1666741341722
INFO:root:Got s3 bucket data (prepare_s3bucket_dataa)
INFO:root:Entered request into bucket (put_object)
INFO:root:Deleted requests (delete_object)
INFO:root:Finished: 1666741341722
INFO:root:Finished one loop
INFO:root:Prepared data (prepare_data)
INFO:root:Key: 1666741341756
INFO:root:Got s3 bucket data (prepare_s3bucket_dataa)
INFO:root:Entered request into bucket (put_object)
INFO:root:Deleted requests (delete_object)
INFO:root:Finished: 1666741341756
INFO:root:Finished one loop
INFO:root:Main while loop tries: 0
INFO:root:Got requests 5 requests
INFO:root:Prepared data (prepare_data)
INFO:root:Key: 1666741341899
INFO:root:Got s3 bucket data (prepare_s3bucket_dataa)
INFO:root:Entered request into bucket (put_object)
INFO:root:Deleted requests (delete_object)
INFO:root:Finished: 1666741341899
INFO:root:Finished one loop
INFO:root:Prepared data (prepare_data)
INFO:root:Key: 1666741342063
INFO:root:Got s3 bucket data (prepare_s3bucket_dataa)
INFO:root:Entered request into bucket (put_object)
INFO:root:Deleted requests (delete_object)
INFO:root:Finished: 1666741342063
INFO:root:Finished one loop
INFO:root:Prepared data (prepare_data)
INFO:root:Key: 1666741342149
INFO:root:Got s3 bucket data (prepare_s3bucket_dataa)
INFO:root:Entered request into bucket (put_object)
INFO:root:Deleted requests (delete_object)
INFO:root:Finished: 1666741342149
INFO:root:Finished one loop
INFO:root:Prepared data (prepare_data)
INFO:root:Key: 1666741342281
INFO:root:Got s3 bucket data (prepare_s3bucket_dataa)
INFO:root:Entered request into bucket (put_object)
INFO:root:Deleted requests (delete_object)
INFO:root:Finished: 1666741342281
INFO:root:Finished one loop
INFO:root:Prepared data (prepare_data)
INFO:root:Key: 1666741342453
INFO:root:Got s3 bucket data (prepare_s3bucket_dataa)
INFO:root:Entered request into bucket (put_object)
INFO:root:Deleted requests (delete_object)
INFO:root:Finished: 1666741342453
INFO:root:Finished one loop
INFO:root:Main while loop tries: 0
INFO:root:Got requests 5 requests
INFO:root:Prepared data (prepare_data)
INFO:root:Key: 1666741342484
INFO:root:Got s3 bucket data (prepare_s3bucket_dataa)
INFO:root:Entered request into bucket (put_object)
INFO:root:Deleted requests (delete_object)
INFO:root:Finished: 1666741342484
INFO:root:Finished one loop
INFO:root:Prepared data (prepare_data)
INFO:root:Key: 1666741342622
INFO:root:Got s3 bucket data (prepare_s3bucket_dataa)
INFO:root:Entered request into bucket (put_object)
INFO:root:Deleted requests (delete_object)
INFO:root:Finished: 1666741342622
INFO:root:Finished one loop
INFO:root:Prepared data (prepare_data)
INFO:root:Key: 1666741342790
INFO:root:Got s3 bucket data (prepare_s3bucket_dataa)
INFO:root:Entered request into bucket (put_object)
INFO:root:Deleted requests (delete_object)
INFO:root:Finished: 1666741342790
INFO:root:Finished one loop
INFO:root:Prepared data (prepare_data)
INFO:root:Key: 1666741342924
INFO:root:Got s3 bucket data (prepare_s3bucket_dataa)
INFO:root:Entered request into bucket (put_object)
INFO:root:Deleted requests (delete_object)
INFO:root:Finished: 1666741342924
INFO:root:Finished one loop
INFO:root:Prepared data (prepare_data)
INFO:root:Key: 1666741343007
INFO:root:Got s3 bucket data (prepare_s3bucket_dataa)
INFO:root:Entered request into bucket (put_object)
INFO:root:Deleted requests (delete_object)
INFO:root:Finished: 1666741343007
INFO:root:Finished one loop
INFO:root:Main while loop tries: 0
INFO:root:Got requests 5 requests
INFO:root:Prepared data (prepare_data)
INFO:root:Key: 1666741343139
INFO:root:Got s3 bucket data (prepare_s3bucket_dataa)
INFO:root:Entered request into bucket (put_object)
INFO:root:Deleted requests (delete_object)
INFO:root:Finished: 1666741343139
INFO:root:Finished one loop
INFO:root:Prepared data (prepare_data)
INFO:root:Key: 1666741343169
INFO:root:Got s3 bucket data (prepare_s3bucket_dataa)
INFO:root:Entered request into bucket (put_object)
INFO:root:Deleted requests (delete_object)
INFO:root:Finished: 1666741343169
INFO:root:Finished one loop
INFO:root:Prepared data (prepare_data)
INFO:root:Key: 1666741343341
INFO:root:Got s3 bucket data (prepare_s3bucket_dataa)
INFO:root:Entered request into bucket (put_object)
INFO:root:Deleted requests (delete_object)
INFO:root:Finished: 1666741343341
INFO:root:Finished one loop
INFO:root:Prepared data (prepare_data)
INFO:root:Key: 1666741343377
INFO:root:Got s3 bucket data (prepare_s3bucket_dataa)
INFO:root:Entered request into bucket (put_object)
INFO:root:Deleted requests (delete_object)
INFO:root:Finished: 1666741343377
INFO:root:Finished one loop
INFO:root:Prepared data (prepare_data)
INFO:root:Key: 1666741343410
INFO:root:Got s3 bucket data (prepare_s3bucket_dataa)
INFO:root:Entered request into bucket (put_object)
INFO:root:Deleted requests (delete_object)
INFO:root:Finished: 1666741343410
INFO:root:Finished one loop
INFO:root:Main while loop tries: 0
INFO:root:Got requests 5 requests
INFO:root:Prepared data (prepare_data)
INFO:root:Key: 1666741343446
INFO:root:Got s3 bucket data (prepare_s3bucket_dataa)
INFO:root:Entered request into bucket (put_object)
INFO:root:Deleted requests (delete_object)
INFO:root:Finished: 1666741343446
INFO:root:Finished one loop
INFO:root:Prepared data (prepare_data)
INFO:root:Key: 1666741343478
INFO:root:Got s3 bucket data (prepare_s3bucket_dataa)
INFO:root:Entered request into bucket (put_object)
INFO:root:Deleted requests (delete_object)
INFO:root:Finished: 1666741343478
INFO:root:Finished one loop
INFO:root:Prepared data (prepare_data)
INFO:root:Key: 1666741343613
INFO:root:Got s3 bucket data (prepare_s3bucket_dataa)
INFO:root:Entered request into bucket (put_object)
INFO:root:Deleted requests (delete_object)
INFO:root:Finished: 1666741343613
INFO:root:Finished one loop
INFO:root:Prepared data (prepare_data)
INFO:root:Key: 1666741343703
INFO:root:Got s3 bucket data (prepare_s3bucket_dataa)
INFO:root:Entered request into bucket (put_object)
INFO:root:Deleted requests (delete_object)
INFO:root:Finished: 1666741343703
INFO:root:Finished one loop
INFO:root:Prepared data (prepare_data)
INFO:root:Key: 1666741343838
INFO:root:Got s3 bucket data (prepare_s3bucket_dataa)
INFO:root:Entered request into bucket (put_object)
INFO:root:Deleted requests (delete_object)
INFO:root:Finished: 1666741343838
INFO:root:Finished one loop
INFO:root:Main while loop tries: 0
INFO:root:Got requests 5 requests
INFO:root:Prepared data (prepare_data)
INFO:root:Key: 1666741343873
INFO:root:Got s3 bucket data (prepare_s3bucket_dataa)
INFO:root:Entered request into bucket (put_object)
INFO:root:Deleted requests (delete_object)
INFO:root:Finished: 1666741343873
INFO:root:Finished one loop
INFO:root:Prepared data (prepare_data)
INFO:root:Key: 1666741343914
INFO:root:Got s3 bucket data (prepare_s3bucket_dataa)
INFO:root:Entered request into bucket (put_object)
INFO:root:Deleted requests (delete_object)
INFO:root:Finished: 1666741343914
INFO:root:Finished one loop
INFO:root:Prepared data (prepare_data)
INFO:root:Key: 1666741343947
INFO:root:Got s3 bucket data (prepare_s3bucket_dataa)
INFO:root:Entered request into bucket (put_object)
INFO:root:Deleted requests (delete_object)
INFO:root:Finished: 1666741343947
INFO:root:Finished one loop
INFO:root:Prepared data (prepare_data)
INFO:root:Key: 1666741344088
INFO:root:Got s3 bucket data (prepare_s3bucket_dataa)
INFO:root:Entered request into bucket (put_object)
INFO:root:Deleted requests (delete_object)
INFO:root:Finished: 1666741344088
INFO:root:Finished one loop
INFO:root:Prepared data (prepare_data)
INFO:root:Key: 1666741344218
INFO:root:Got s3 bucket data (prepare_s3bucket_dataa)
INFO:root:Entered request into bucket (put_object)
INFO:root:Deleted requests (delete_object)
INFO:root:Finished: 1666741344218
INFO:root:Finished one loop
INFO:root:Main while loop tries: 0
INFO:root:Got requests 5 requests
INFO:root:Prepared data (prepare_data)
INFO:root:Key: 1666741344250
INFO:root:Got s3 bucket data (prepare_s3bucket_dataa)
INFO:root:Entered request into bucket (put_object)
INFO:root:Deleted requests (delete_object)
INFO:root:Finished: 1666741344250
INFO:root:Finished one loop
INFO:root:Prepared data (prepare_data)
INFO:root:Key: 1666741344284
INFO:root:Got s3 bucket data (prepare_s3bucket_dataa)
INFO:root:Entered request into bucket (put_object)
INFO:root:Deleted requests (delete_object)
INFO:root:Finished: 1666741344284
INFO:root:Finished one loop
INFO:root:Prepared data (prepare_data)
INFO:root:Key: 1666741344348
INFO:root:Got s3 bucket data (prepare_s3bucket_dataa)
INFO:root:Entered request into bucket (put_object)
INFO:root:Deleted requests (delete_object)
INFO:root:Finished: 1666741344348
INFO:root:Finished one loop
INFO:root:Prepared data (prepare_data)
INFO:root:Key: 1666741344404
INFO:root:Got s3 bucket data (prepare_s3bucket_dataa)
INFO:root:Entered request into bucket (put_object)
INFO:root:Deleted requests (delete_object)
INFO:root:Finished: 1666741344404
INFO:root:Finished one loop
INFO:root:Prepared data (prepare_data)
INFO:root:Key: 1666741344436
INFO:root:Got s3 bucket data (prepare_s3bucket_dataa)
INFO:root:Entered request into bucket (put_object)
INFO:root:Deleted requests (delete_object)
INFO:root:Finished: 1666741344436
INFO:root:Finished one loop
INFO:root:Main while loop tries: 0
INFO:root:Got requests 3 requests
INFO:root:Prepared data (prepare_data)
INFO:root:Key: 1666741344484
INFO:root:Got s3 bucket data (prepare_s3bucket_dataa)
INFO:root:Entered request into bucket (put_object)
INFO:root:Deleted requests (delete_object)
INFO:root:Finished: 1666741344484
INFO:root:Finished one loop
INFO:root:Prepared data (prepare_data)
INFO:root:Key: 1666741344570
INFO:root:Got s3 bucket data (prepare_s3bucket_dataa)
INFO:root:Entered request into bucket (put_object)
INFO:root:Deleted requests (delete_object)
INFO:root:Finished: 1666741344570
INFO:root:Finished one loop
INFO:root:Prepared data (prepare_data)
INFO:root:Key: 1666741344736
INFO:root:Got s3 bucket data (prepare_s3bucket_dataa)
INFO:root:Entered request into bucket (put_object)
INFO:root:Deleted requests (delete_object)
INFO:root:Finished: 1666741344736
INFO:root:Finished one loop
INFO:root:Main while loop tries: 0
INFO:root:Got requests 0 requests
INFO:root:Else statement tries: 1
INFO:root:Main while loop tries: 1
INFO:root:Got requests 0 requests
INFO:root:Else statement tries: 2
INFO:root:Main while loop tries: 2
INFO:root:Got requests 0 requests
INFO:root:Else statement tries: 3
INFO:root:Main while loop tries: 3
INFO:root:Got requests 0 requests
INFO:root:Else statement tries: 4
INFO:root:Main while loop tries: 4
INFO:root:Got requests 0 requests
INFO:root:Else statement tries: 5
INFO:root:Main while loop tries: 5
INFO:root:Got requests 0 requests
INFO:root:Else statement tries: 6
INFO:root:Main while loop tries: 6
INFO:root:Got requests 0 requests
INFO:root:Else statement tries: 7
INFO:root:Main while loop tries: 7
INFO:root:Got requests 0 requests
INFO:root:Else statement tries: 8
INFO:root:Main while loop tries: 8
INFO:root:Got requests 0 requests
INFO:root:Else statement tries: 9
INFO:root:Main while loop tries: 9
INFO:root:Got requests 0 requests
INFO:root:Else statement tries: 10
INFO:root:Finished
